#
# There is insufficient memory for the Java Runtime Environment to continue.
# Native memory allocation (malloc) failed to allocate 253280 bytes. Error detail: Chunk::new
# Possible reasons:
#   The system is out of physical RAM or swap space
#   This process is running with CompressedOops enabled, and the Java Heap may be blocking the growth of the native heap
# Possible solutions:
#   Reduce memory load on the system
#   Increase physical memory or swap space
#   Check if swap backing store is full
#   Decrease Java heap size (-Xmx/-Xms)
#   Decrease number of Java threads
#   Decrease Java thread stack sizes (-Xss)
#   Set larger code cache with -XX:ReservedCodeCacheSize=
#   JVM is running with Unscaled Compressed Oops mode in which the Java heap is
#     placed in the first 4GB address space. The Java Heap base address is the
#     maximum limit for the native heap growth. Please use -XX:HeapBaseMinAddress
#     to set the Java Heap base and to place the Java Heap above 4GB virtual address.
# This output file may be truncated or incomplete.
#
#  Out of Memory Error (arena.cpp:168), pid=14312, tid=10880
#
# JRE version: OpenJDK Runtime Environment (21.0.10) (build 21.0.10+-14961533-b1163.108)
# Java VM: OpenJDK 64-Bit Server VM (21.0.10+-14961533-b1163.108, mixed mode, tiered, compressed oops, compressed class ptrs, g1 gc, windows-amd64)
# No core dump will be written. Minidumps are not enabled by default on client versions of Windows
#

---------------  S U M M A R Y ------------

Command Line: --add-opens=java.base/java.util=ALL-UNNAMED --add-opens=java.base/java.lang=ALL-UNNAMED --add-opens=java.base/java.lang.invoke=ALL-UNNAMED --add-opens=java.prefs/java.util.prefs=ALL-UNNAMED --add-opens=java.base/java.nio.charset=ALL-UNNAMED --add-opens=java.base/java.net=ALL-UNNAMED --add-opens=java.base/java.util.concurrent.atomic=ALL-UNNAMED -Xmx2048m -Dfile.encoding=UTF-8 -Duser.country=US -Duser.language=en -Duser.variant -javaagent:C:\Users\admin\.gradle\wrapper\dists\gradle-8.7-bin\bhs2wmbdwecv87pi65oeuq5iu\gradle-8.7\lib\agents\gradle-instrumentation-agent-8.7.jar org.gradle.launcher.daemon.bootstrap.GradleDaemon 8.7

Host: Intel(R) Core(TM) i5-8250U CPU @ 1.60GHz, 8 cores, 7G,  Windows 10 , 64 bit Build 19041 (10.0.19041.5915)
Time: Sat Apr 25 01:45:55 2026 FLE Daylight Time elapsed time: 369.111133 seconds (0d 0h 6m 9s)

---------------  T H R E A D  ---------------

Current thread (0x000001f6799b9c70):  JavaThread "C2 CompilerThread0" daemon [_thread_in_native, id=10880, stack(0x000000defee00000,0x000000defef00000) (1024K)]


Current CompileTask:
C2:369111 17248       4       org.gradle.api.internal.DefaultCollectionCallbackActionDecorator$BuildOperationEmittingAction$1::run (26 bytes)

Stack: [0x000000defee00000,0x000000defef00000]
Native frames: (J=compiled Java code, j=interpreted, Vv=VM code, C=native code)
V  [jvm.dll+0x6d78a9]
V  [jvm.dll+0x8665b3]
V  [jvm.dll+0x868bde]
V  [jvm.dll+0x8692c3]
V  [jvm.dll+0x280ee6]
V  [jvm.dll+0xc07cd]
V  [jvm.dll+0xc0d03]
V  [jvm.dll+0x3ba0cb]
V  [jvm.dll+0x1dfe64]
V  [jvm.dll+0x249d24]
V  [jvm.dll+0x2491a1]
V  [jvm.dll+0x1c76e4]
V  [jvm.dll+0x25891e]
V  [jvm.dll+0x256e66]
V  [jvm.dll+0x3f513e]
V  [jvm.dll+0x80fd28]
V  [jvm.dll+0x6d60fd]
C  [ucrtbase.dll+0x21bb2]
C  [KERNEL32.DLL+0x17374]
C  [ntdll.dll+0x4cc91]


---------------  P R O C E S S  ---------------

Threads class SMR info:
_java_thread_list=0x000001f601e2c8e0, length=55, elements={
0x000001f6620be220, 0x000001f679932260, 0x000001f6799608a0, 0x000001f679950720,
0x000001f679980950, 0x000001f6799813b0, 0x000001f679951180, 0x000001f679951be0,
0x000001f6799b9c70, 0x000001f6799ba710, 0x000001f67e038240, 0x000001f60045a9d0,
0x000001f601214f20, 0x000001f6012f43e0, 0x000001f600f10590, 0x000001f600f13a10,
0x000001f600f12cf0, 0x000001f600f12660, 0x000001f6027dc6d0, 0x000001f6027e0870,
0x000001f6027db9b0, 0x000001f6027dfb50, 0x000001f6027dcd60, 0x000001f6027e22b0,
0x000001f6011c2c50, 0x000001f6011c0b80, 0x000001f6011c4690, 0x000001f6011c1210,
0x000001f67f48aa00, 0x000001f67f4f5220, 0x000001f6049d6120, 0x000001f67f094920,
0x000001f67f48eba0, 0x000001f67f4f2ac0, 0x000001f600bc4540, 0x000001f600bc9400,
0x000001f600bc8d70, 0x000001f600bc3eb0, 0x000001f600bc7330, 0x000001f600bc3190,
0x000001f600bc5f80, 0x000001f600bc79c0, 0x000001f600bc2470, 0x000001f601ab9050,
0x000001f600bc9a90, 0x000001f601ab9720, 0x000001f600bc86e0, 0x000001f600bc6610,
0x000001f600bc8050, 0x000001f600bc2b00, 0x000001f600bc4bd0, 0x000001f600bc5260,
0x000001f600bc58f0, 0x000001f600bc6ca0, 0x000001f604bfca50
}

Java Threads: ( => current thread )
  0x000001f6620be220 JavaThread "main"                              [_thread_blocked, id=26500, stack(0x000000defdf00000,0x000000defe000000) (1024K)]
  0x000001f679932260 JavaThread "Common-Cleaner"             daemon [_thread_blocked, id=15644, stack(0x000000defe700000,0x000000defe800000) (1024K)]
  0x000001f6799608a0 JavaThread "Reference Handler"          daemon [_thread_blocked, id=28588, stack(0x000000defe800000,0x000000defe900000) (1024K)]
  0x000001f679950720 JavaThread "Finalizer"                  daemon [_thread_blocked, id=31424, stack(0x000000defe900000,0x000000defea00000) (1024K)]
  0x000001f679980950 JavaThread "Signal Dispatcher"          daemon [_thread_blocked, id=23360, stack(0x000000defea00000,0x000000defeb00000) (1024K)]
  0x000001f6799813b0 JavaThread "Attach Listener"            daemon [_thread_blocked, id=25708, stack(0x000000defeb00000,0x000000defec00000) (1024K)]
  0x000001f679951180 JavaThread "Service Thread"             daemon [_thread_blocked, id=2284, stack(0x000000defec00000,0x000000defed00000) (1024K)]
  0x000001f679951be0 JavaThread "Monitor Deflation Thread"   daemon [_thread_blocked, id=24492, stack(0x000000defed00000,0x000000defee00000) (1024K)]
=>0x000001f6799b9c70 JavaThread "C2 CompilerThread0"         daemon [_thread_in_native, id=10880, stack(0x000000defee00000,0x000000defef00000) (1024K)]
  0x000001f6799ba710 JavaThread "C1 CompilerThread0"         daemon [_thread_blocked, id=21736, stack(0x000000defef00000,0x000000deff000000) (1024K)]
  0x000001f67e038240 JavaThread "Notification Thread"        daemon [_thread_blocked, id=27436, stack(0x000000deff000000,0x000000deff100000) (1024K)]
  0x000001f60045a9d0 JavaThread "Daemon health stats"               [_thread_blocked, id=972, stack(0x000000deff700000,0x000000deff800000) (1024K)]
  0x000001f601214f20 JavaThread "Incoming local TCP Connector on port 60724"        [_thread_in_native, id=8700, stack(0x000000deff800000,0x000000deff900000) (1024K)]
  0x000001f6012f43e0 JavaThread "Daemon periodic checks"            [_thread_blocked, id=25336, stack(0x000000deff900000,0x000000deffa00000) (1024K)]
  0x000001f600f10590 JavaThread "Cache worker for journal cache (C:\Users\admin\.gradle\caches\journal-1)"        [_thread_blocked, id=21540, stack(0x000000de80500000,0x000000de80600000) (1024K)]
  0x000001f600f13a10 JavaThread "File lock request listener"        [_thread_in_native, id=17520, stack(0x000000de80600000,0x000000de80700000) (1024K)]
  0x000001f600f12cf0 JavaThread "Cache worker for file hash cache (C:\Users\admin\.gradle\caches\8.7\fileHashes)"        [_thread_blocked, id=26212, stack(0x000000de80700000,0x000000de80800000) (1024K)]
  0x000001f600f12660 JavaThread "File watcher server"        daemon [_thread_in_native, id=15884, stack(0x000000de80900000,0x000000de80a00000) (1024K)]
  0x000001f6027dc6d0 JavaThread "File watcher consumer"      daemon [_thread_blocked, id=10996, stack(0x000000de80a00000,0x000000de80b00000) (1024K)]
  0x000001f6027e0870 JavaThread "Cache worker for file content cache (C:\Users\admin\.gradle\caches\8.7\fileContent)"        [_thread_blocked, id=26224, stack(0x000000de80e00000,0x000000de80f00000) (1024K)]
  0x000001f6027db9b0 JavaThread "jar transforms"                    [_thread_blocked, id=464, stack(0x000000de80f00000,0x000000de81000000) (1024K)]
  0x000001f6027dfb50 JavaThread "jar transforms Thread 2"           [_thread_blocked, id=11044, stack(0x000000de81000000,0x000000de81100000) (1024K)]
  0x000001f6027dcd60 JavaThread "jar transforms Thread 3"           [_thread_blocked, id=28100, stack(0x000000de81200000,0x000000de81300000) (1024K)]
  0x000001f6027e22b0 JavaThread "jar transforms Thread 4"           [_thread_blocked, id=7932, stack(0x000000de81a00000,0x000000de81b00000) (1024K)]
  0x000001f6011c2c50 JavaThread "jar transforms Thread 5"           [_thread_blocked, id=31260, stack(0x000000de81b00000,0x000000de81c00000) (1024K)]
  0x000001f6011c0b80 JavaThread "jar transforms Thread 6"           [_thread_blocked, id=11108, stack(0x000000de81c00000,0x000000de81d00000) (1024K)]
  0x000001f6011c4690 JavaThread "jar transforms Thread 7"           [_thread_blocked, id=1308, stack(0x000000de81d00000,0x000000de81e00000) (1024K)]
  0x000001f6011c1210 JavaThread "jar transforms Thread 8"           [_thread_blocked, id=18956, stack(0x000000de81e00000,0x000000de81f00000) (1024K)]
  0x000001f67f48aa00 JavaThread "Memory manager"                    [_thread_blocked, id=27740, stack(0x000000de82f00000,0x000000de83000000) (1024K)]
  0x000001f67f4f5220 JavaThread "Daemon Thread 2"                   [_thread_blocked, id=6944, stack(0x000000de80800000,0x000000de80900000) (1024K)]
  0x000001f6049d6120 JavaThread "Daemon worker Thread 2"            [_thread_in_Java, id=7616, stack(0x000000de80d00000,0x000000de80e00000) (1024K)]
  0x000001f67f094920 JavaThread "included builds"                   [_thread_blocked, id=11436, stack(0x000000de82a00000,0x000000de82b00000) (1024K)]
  0x000001f67f48eba0 JavaThread "VFS cleanup Thread 2"              [_thread_blocked, id=16516, stack(0x000000de81100000,0x000000de81200000) (1024K)]
  0x000001f67f4f2ac0 JavaThread "included builds"                   [_thread_blocked, id=24140, stack(0x000000de82c00000,0x000000de82d00000) (1024K)]
  0x000001f600bc4540 JavaThread "Handler for socket connection from /127.0.0.1:60724 to /127.0.0.1:60766"        [_thread_in_native, id=8812, stack(0x000000de80b00000,0x000000de80c00000) (1024K)]
  0x000001f600bc9400 JavaThread "Cancel handler"                    [_thread_blocked, id=12604, stack(0x000000de80c00000,0x000000de80d00000) (1024K)]
  0x000001f600bc8d70 JavaThread "Asynchronous log dispatcher for DefaultDaemonConnection: socket connection from /127.0.0.1:60724 to /127.0.0.1:60766"        [_thread_blocked, id=25104, stack(0x000000de81300000,0x000000de81400000) (1024K)]
  0x000001f600bc3eb0 JavaThread "Stdin handler"                     [_thread_blocked, id=18888, stack(0x000000de81400000,0x000000de81500000) (1024K)]
  0x000001f600bc7330 JavaThread "Daemon client event forwarder"        [_thread_blocked, id=19468, stack(0x000000de81500000,0x000000de81600000) (1024K)]
  0x000001f600bc3190 JavaThread "Cache worker for file hash cache (D:\Svetlin\TU-Sofia\3 kurs\project_app\EcoQuizGame\.gradle\8.7\fileHashes)"        [_thread_blocked, id=20916, stack(0x000000de81600000,0x000000de81700000) (1024K)]
  0x000001f600bc5f80 JavaThread "Cache worker for checksums cache (D:\Svetlin\TU-Sofia\3 kurs\project_app\EcoQuizGame\.gradle\8.7\checksums)"        [_thread_blocked, id=28004, stack(0x000000de81700000,0x000000de81800000) (1024K)]
  0x000001f600bc79c0 JavaThread "Cache worker for cache directory md-supplier (C:\Users\admin\.gradle\caches\8.7\md-supplier)"        [_thread_blocked, id=14452, stack(0x000000de81800000,0x000000de81900000) (1024K)]
  0x000001f600bc2470 JavaThread "Cache worker for cache directory md-rule (C:\Users\admin\.gradle\caches\8.7\md-rule)"        [_thread_blocked, id=18624, stack(0x000000de81900000,0x000000de81a00000) (1024K)]
  0x000001f601ab9050 JavaThread "C2 CompilerThread1"         daemon [_thread_in_vm, id=23348, stack(0x000000de81f00000,0x000000de82000000) (1024K)]
  0x000001f600bc9a90 JavaThread "Cache worker for Build Output Cleanup Cache (D:\Svetlin\TU-Sofia\3 kurs\project_app\EcoQuizGame\.gradle\buildOutputCleanup)"        [_thread_blocked, id=3824, stack(0x000000de82000000,0x000000de82100000) (1024K)]
  0x000001f601ab9720 JavaThread "C2 CompilerThread2"         daemon [_thread_in_native, id=26632, stack(0x000000de82100000,0x000000de82200000) (1024K)]
  0x000001f600bc86e0 JavaThread "Unconstrained build operations"        [_thread_blocked, id=25132, stack(0x000000de82200000,0x000000de82300000) (1024K)]
  0x000001f600bc6610 JavaThread "Unconstrained build operations Thread 2"        [_thread_blocked, id=16004, stack(0x000000de82300000,0x000000de82400000) (1024K)]
  0x000001f600bc8050 JavaThread "Unconstrained build operations Thread 3"        [_thread_blocked, id=29468, stack(0x000000de82400000,0x000000de82500000) (1024K)]
  0x000001f600bc2b00 JavaThread "Unconstrained build operations Thread 4"        [_thread_blocked, id=27488, stack(0x000000de82500000,0x000000de82600000) (1024K)]
  0x000001f600bc4bd0 JavaThread "Unconstrained build operations Thread 5"        [_thread_blocked, id=9184, stack(0x000000de82600000,0x000000de82700000) (1024K)]
  0x000001f600bc5260 JavaThread "Unconstrained build operations Thread 6"        [_thread_blocked, id=14924, stack(0x000000de82700000,0x000000de82800000) (1024K)]
  0x000001f600bc58f0 JavaThread "Unconstrained build operations Thread 7"        [_thread_blocked, id=1536, stack(0x000000de82800000,0x000000de82900000) (1024K)]
  0x000001f600bc6ca0 JavaThread "build event listener"              [_thread_blocked, id=22808, stack(0x000000de82900000,0x000000de82a00000) (1024K)]
  0x000001f604bfca50 JavaThread "build event listener"              [_thread_blocked, id=26616, stack(0x000000de82b00000,0x000000de82c00000) (1024K)]
Total: 55

Other Threads:
  0x000001f6797e24b0 VMThread "VM Thread"                           [id=4552, stack(0x000000defe600000,0x000000defe700000) (1024K)]
  0x000001f679752700 WatcherThread "VM Periodic Task Thread"        [id=16520, stack(0x000000defe500000,0x000000defe600000) (1024K)]
  0x000001f662116210 WorkerThread "GC Thread#0"                     [id=11552, stack(0x000000defe000000,0x000000defe100000) (1024K)]
  0x000001f67e3375d0 WorkerThread "GC Thread#1"                     [id=9584, stack(0x000000deff300000,0x000000deff400000) (1024K)]
  0x000001f67e381f80 WorkerThread "GC Thread#2"                     [id=16968, stack(0x000000deff400000,0x000000deff500000) (1024K)]
  0x000001f67e5f4b40 WorkerThread "GC Thread#3"                     [id=19448, stack(0x000000deff500000,0x000000deff600000) (1024K)]
  0x000001f67e92ada0 WorkerThread "GC Thread#4"                     [id=17220, stack(0x000000deff600000,0x000000deff700000) (1024K)]
  0x000001f600655050 WorkerThread "GC Thread#5"                     [id=24920, stack(0x000000de80100000,0x000000de80200000) (1024K)]
  0x000001f67ea86250 WorkerThread "GC Thread#6"                     [id=9192, stack(0x000000de80200000,0x000000de80300000) (1024K)]
  0x000001f6007a1a40 WorkerThread "GC Thread#7"                     [id=7668, stack(0x000000de80300000,0x000000de80400000) (1024K)]
  0x000001f662127110 ConcurrentGCThread "G1 Main Marker"            [id=12272, stack(0x000000defe100000,0x000000defe200000) (1024K)]
  0x000001f662127ca0 WorkerThread "G1 Conc#0"                       [id=28152, stack(0x000000defe200000,0x000000defe300000) (1024K)]
  0x000001f6007a3060 WorkerThread "G1 Conc#1"                       [id=21236, stack(0x000000de80400000,0x000000de80500000) (1024K)]
  0x000001f679627500 ConcurrentGCThread "G1 Refine#0"               [id=19116, stack(0x000000defe300000,0x000000defe400000) (1024K)]
  0x000001f679627e90 ConcurrentGCThread "G1 Service"                [id=11660, stack(0x000000defe400000,0x000000defe500000) (1024K)]
Total: 15

Threads with active compile tasks:
C2 CompilerThread0  369158 17248       4       org.gradle.api.internal.DefaultCollectionCallbackActionDecorator$BuildOperationEmittingAction$1::run (26 bytes)
C2 CompilerThread1  369158 17247       4       org.gradle.api.internal.DefaultCollectionCallbackActionDecorator$Operation::description (20 bytes)
C2 CompilerThread2  369158 17315       4       java.util.Properties$LineReader::readLine (584 bytes)
Total: 3

VM state: not at safepoint (normal execution)

VM Mutex/Monitor currently owned by a thread: None

Heap address: 0x0000000080000000, size: 2048 MB, Compressed Oops mode: 32-bit

CDS archive(s) not mapped
Compressed class space mapped at: 0x0000000100000000-0x0000000140000000, reserved size: 1073741824
Narrow klass base: 0x0000000000000000, Narrow klass shift: 3, Narrow klass range: 0x140000000

GC Precious Log:
 CardTable entry size: 512
 Card Set container configuration: InlinePtr #cards 5 size 8 Array Of Cards #cards 12 size 40 Howl #buckets 4 coarsen threshold 1843 Howl Bitmap #cards 512 size 80 coarsen threshold 460 Card regions per heap region 1 cards per card region 2048
 CPUs: 8 total, 8 available
 Memory: 7613M
 Large Page Support: Disabled
 NUMA Support: Disabled
 Compressed Oops: Enabled (32-bit)
 Heap Region Size: 1M
 Heap Min Capacity: 8M
 Heap Initial Capacity: 120M
 Heap Max Capacity: 2G
 Pre-touch: Disabled
 Parallel Workers: 8
 Concurrent Workers: 2
 Concurrent Refinement Workers: 8
 Periodic GC: Disabled

Heap:
 garbage-first heap   total 275456K, used 238231K [0x0000000080000000, 0x0000000100000000)
  region size 1024K, 76 young (77824K), 6 survivors (6144K)
 Metaspace       used 112420K, committed 114496K, reserved 1179648K
  class space    used 15634K, committed 16640K, reserved 1048576K

Heap Regions: E=young(eden), S=young(survivor), O=old, HS=humongous(starts), HC=humongous(continues), CS=collection set, F=free, TAMS=top-at-mark-start, PB=parsable bottom
|   0|0x0000000080000000, 0x0000000080100000, 0x0000000080100000|100%| O|  |TAMS 0x0000000080000000| PB 0x0000000080000000| Untracked 
|   1|0x0000000080100000, 0x0000000080200000, 0x0000000080200000|100%|HS|  |TAMS 0x0000000080100000| PB 0x0000000080100000| Complete 
|   2|0x0000000080200000, 0x0000000080300000, 0x0000000080300000|100%|HC|  |TAMS 0x0000000080200000| PB 0x0000000080200000| Complete 
|   3|0x0000000080300000, 0x0000000080400000, 0x0000000080400000|100%|HC|  |TAMS 0x0000000080300000| PB 0x0000000080300000| Complete 
|   4|0x0000000080400000, 0x0000000080500000, 0x0000000080500000|100%|HC|  |TAMS 0x0000000080400000| PB 0x0000000080400000| Complete 
|   5|0x0000000080500000, 0x0000000080600000, 0x0000000080600000|100%| O|  |TAMS 0x0000000080500000| PB 0x0000000080500000| Untracked 
|   6|0x0000000080600000, 0x0000000080700000, 0x0000000080700000|100%| O|  |TAMS 0x0000000080600000| PB 0x0000000080600000| Untracked 
|   7|0x0000000080700000, 0x0000000080800000, 0x0000000080800000|100%| O|  |TAMS 0x0000000080700000| PB 0x0000000080700000| Untracked 
|   8|0x0000000080800000, 0x0000000080900000, 0x0000000080900000|100%| O|  |TAMS 0x0000000080800000| PB 0x0000000080800000| Untracked 
|   9|0x0000000080900000, 0x0000000080a00000, 0x0000000080a00000|100%| O|  |TAMS 0x0000000080900000| PB 0x0000000080900000| Untracked 
|  10|0x0000000080a00000, 0x0000000080b00000, 0x0000000080b00000|100%| O|  |TAMS 0x0000000080a00000| PB 0x0000000080a00000| Untracked 
|  11|0x0000000080b00000, 0x0000000080c00000, 0x0000000080c00000|100%| O|  |TAMS 0x0000000080b00000| PB 0x0000000080b00000| Untracked 
|  12|0x0000000080c00000, 0x0000000080d00000, 0x0000000080d00000|100%| O|  |TAMS 0x0000000080c00000| PB 0x0000000080c00000| Untracked 
|  13|0x0000000080d00000, 0x0000000080e00000, 0x0000000080e00000|100%| O|  |TAMS 0x0000000080d00000| PB 0x0000000080d00000| Untracked 
|  14|0x0000000080e00000, 0x0000000080f00000, 0x0000000080f00000|100%| O|  |TAMS 0x0000000080e00000| PB 0x0000000080e00000| Untracked 
|  15|0x0000000080f00000, 0x0000000081000000, 0x0000000081000000|100%| O|  |TAMS 0x0000000080f00000| PB 0x0000000080f00000| Untracked 
|  16|0x0000000081000000, 0x0000000081100000, 0x0000000081100000|100%| O|  |TAMS 0x0000000081000000| PB 0x0000000081000000| Untracked 
|  17|0x0000000081100000, 0x0000000081200000, 0x0000000081200000|100%|HS|  |TAMS 0x0000000081100000| PB 0x0000000081100000| Complete 
|  18|0x0000000081200000, 0x0000000081300000, 0x0000000081300000|100%|HC|  |TAMS 0x0000000081200000| PB 0x0000000081200000| Complete 
|  19|0x0000000081300000, 0x0000000081400000, 0x0000000081400000|100%| O|  |TAMS 0x0000000081300000| PB 0x0000000081300000| Untracked 
|  20|0x0000000081400000, 0x0000000081500000, 0x0000000081500000|100%| O|  |TAMS 0x0000000081400000| PB 0x0000000081400000| Untracked 
|  21|0x0000000081500000, 0x0000000081600000, 0x0000000081600000|100%| O|  |TAMS 0x0000000081500000| PB 0x0000000081500000| Untracked 
|  22|0x0000000081600000, 0x0000000081700000, 0x0000000081700000|100%| O|  |TAMS 0x0000000081600000| PB 0x0000000081600000| Untracked 
|  23|0x0000000081700000, 0x0000000081800000, 0x0000000081800000|100%| O|  |TAMS 0x0000000081700000| PB 0x0000000081700000| Untracked 
|  24|0x0000000081800000, 0x0000000081900000, 0x0000000081900000|100%| O|  |TAMS 0x0000000081800000| PB 0x0000000081800000| Untracked 
|  25|0x0000000081900000, 0x0000000081a00000, 0x0000000081a00000|100%| O|  |TAMS 0x0000000081900000| PB 0x0000000081900000| Untracked 
|  26|0x0000000081a00000, 0x0000000081b00000, 0x0000000081b00000|100%|HS|  |TAMS 0x0000000081a00000| PB 0x0000000081a00000| Complete 
|  27|0x0000000081b00000, 0x0000000081c00000, 0x0000000081c00000|100%|HS|  |TAMS 0x0000000081b00000| PB 0x0000000081b00000| Complete 
|  28|0x0000000081c00000, 0x0000000081d00000, 0x0000000081d00000|100%| O|  |TAMS 0x0000000081c00000| PB 0x0000000081c00000| Untracked 
|  29|0x0000000081d00000, 0x0000000081e00000, 0x0000000081e00000|100%| O|  |TAMS 0x0000000081d00000| PB 0x0000000081d00000| Untracked 
|  30|0x0000000081e00000, 0x0000000081f00000, 0x0000000081f00000|100%| O|  |TAMS 0x0000000081e00000| PB 0x0000000081e00000| Untracked 
|  31|0x0000000081f00000, 0x0000000082000000, 0x0000000082000000|100%| O|  |TAMS 0x0000000081f00000| PB 0x0000000081f00000| Untracked 
|  32|0x0000000082000000, 0x0000000082100000, 0x0000000082100000|100%|HS|  |TAMS 0x0000000082000000| PB 0x0000000082000000| Complete 
|  33|0x0000000082100000, 0x0000000082200000, 0x0000000082200000|100%|HC|  |TAMS 0x0000000082100000| PB 0x0000000082100000| Complete 
|  34|0x0000000082200000, 0x0000000082300000, 0x0000000082300000|100%| O|  |TAMS 0x0000000082200000| PB 0x0000000082200000| Untracked 
|  35|0x0000000082300000, 0x0000000082400000, 0x0000000082400000|100%| O|  |TAMS 0x0000000082300000| PB 0x0000000082300000| Untracked 
|  36|0x0000000082400000, 0x0000000082500000, 0x0000000082500000|100%| O|  |TAMS 0x0000000082400000| PB 0x0000000082400000| Untracked 
|  37|0x0000000082500000, 0x0000000082600000, 0x0000000082600000|100%| O|  |TAMS 0x0000000082500000| PB 0x0000000082500000| Untracked 
|  38|0x0000000082600000, 0x0000000082700000, 0x0000000082700000|100%| O|  |TAMS 0x0000000082600000| PB 0x0000000082600000| Untracked 
|  39|0x0000000082700000, 0x0000000082800000, 0x0000000082800000|100%| O|  |TAMS 0x0000000082700000| PB 0x0000000082700000| Untracked 
|  40|0x0000000082800000, 0x0000000082900000, 0x0000000082900000|100%|HS|  |TAMS 0x0000000082800000| PB 0x0000000082800000| Complete 
|  41|0x0000000082900000, 0x0000000082a00000, 0x0000000082a00000|100%| O|  |TAMS 0x0000000082900000| PB 0x0000000082900000| Untracked 
|  42|0x0000000082a00000, 0x0000000082b00000, 0x0000000082b00000|100%| O|  |TAMS 0x0000000082a00000| PB 0x0000000082a00000| Untracked 
|  43|0x0000000082b00000, 0x0000000082c00000, 0x0000000082c00000|100%| O|  |TAMS 0x0000000082b00000| PB 0x0000000082b00000| Untracked 
|  44|0x0000000082c00000, 0x0000000082d00000, 0x0000000082d00000|100%| O|  |TAMS 0x0000000082c00000| PB 0x0000000082c00000| Untracked 
|  45|0x0000000082d00000, 0x0000000082e00000, 0x0000000082e00000|100%| O|  |TAMS 0x0000000082d00000| PB 0x0000000082d00000| Untracked 
|  46|0x0000000082e00000, 0x0000000082f00000, 0x0000000082f00000|100%| O|  |TAMS 0x0000000082e00000| PB 0x0000000082e00000| Untracked 
|  47|0x0000000082f00000, 0x0000000083000000, 0x0000000083000000|100%|HS|  |TAMS 0x0000000082f00000| PB 0x0000000082f00000| Complete 
|  48|0x0000000083000000, 0x0000000083100000, 0x0000000083100000|100%|HC|  |TAMS 0x0000000083000000| PB 0x0000000083000000| Complete 
|  49|0x0000000083100000, 0x0000000083200000, 0x0000000083200000|100%|HS|  |TAMS 0x0000000083100000| PB 0x0000000083100000| Complete 
|  50|0x0000000083200000, 0x0000000083300000, 0x0000000083300000|100%|HC|  |TAMS 0x0000000083200000| PB 0x0000000083200000| Complete 
|  51|0x0000000083300000, 0x0000000083400000, 0x0000000083400000|100%|HC|  |TAMS 0x0000000083300000| PB 0x0000000083300000| Complete 
|  52|0x0000000083400000, 0x0000000083500000, 0x0000000083500000|100%|HC|  |TAMS 0x0000000083400000| PB 0x0000000083400000| Complete 
|  53|0x0000000083500000, 0x0000000083600000, 0x0000000083600000|100%|HS|  |TAMS 0x0000000083500000| PB 0x0000000083500000| Complete 
|  54|0x0000000083600000, 0x0000000083700000, 0x0000000083700000|100%|HS|  |TAMS 0x0000000083600000| PB 0x0000000083600000| Complete 
|  55|0x0000000083700000, 0x0000000083800000, 0x0000000083800000|100%|HS|  |TAMS 0x0000000083700000| PB 0x0000000083700000| Complete 
|  56|0x0000000083800000, 0x0000000083900000, 0x0000000083900000|100%| O|  |TAMS 0x0000000083800000| PB 0x0000000083800000| Untracked 
|  57|0x0000000083900000, 0x0000000083a00000, 0x0000000083a00000|100%| O|  |TAMS 0x0000000083900000| PB 0x0000000083900000| Untracked 
|  58|0x0000000083a00000, 0x0000000083b00000, 0x0000000083b00000|100%| O|  |TAMS 0x0000000083a00000| PB 0x0000000083a00000| Untracked 
|  59|0x0000000083b00000, 0x0000000083c00000, 0x0000000083c00000|100%| O|  |TAMS 0x0000000083b00000| PB 0x0000000083b00000| Untracked 
|  60|0x0000000083c00000, 0x0000000083d00000, 0x0000000083d00000|100%|HS|  |TAMS 0x0000000083c00000| PB 0x0000000083c00000| Complete 
|  61|0x0000000083d00000, 0x0000000083e00000, 0x0000000083e00000|100%| O|  |TAMS 0x0000000083d00000| PB 0x0000000083d00000| Untracked 
|  62|0x0000000083e00000, 0x0000000083f00000, 0x0000000083f00000|100%| O|  |TAMS 0x0000000083e00000| PB 0x0000000083e00000| Untracked 
|  63|0x0000000083f00000, 0x0000000084000000, 0x0000000084000000|100%| O|  |TAMS 0x0000000083f00000| PB 0x0000000083f00000| Untracked 
|  64|0x0000000084000000, 0x0000000084100000, 0x0000000084100000|100%| O|  |TAMS 0x0000000084000000| PB 0x0000000084000000| Untracked 
|  65|0x0000000084100000, 0x0000000084200000, 0x0000000084200000|100%| O|Cm|TAMS 0x0000000084100000| PB 0x0000000084100000| Complete 
|  66|0x0000000084200000, 0x0000000084300000, 0x0000000084300000|100%|HS|  |TAMS 0x0000000084200000| PB 0x0000000084200000| Complete 
|  67|0x0000000084300000, 0x0000000084400000, 0x0000000084400000|100%|HC|  |TAMS 0x0000000084300000| PB 0x0000000084300000| Complete 
|  68|0x0000000084400000, 0x0000000084500000, 0x0000000084500000|100%|HC|  |TAMS 0x0000000084400000| PB 0x0000000084400000| Complete 
|  69|0x0000000084500000, 0x0000000084600000, 0x0000000084600000|100%|HC|  |TAMS 0x0000000084500000| PB 0x0000000084500000| Complete 
|  70|0x0000000084600000, 0x0000000084700000, 0x0000000084700000|100%| O|  |TAMS 0x0000000084600000| PB 0x0000000084600000| Untracked 
|  71|0x0000000084700000, 0x0000000084800000, 0x0000000084800000|100%| O|  |TAMS 0x0000000084700000| PB 0x0000000084700000| Untracked 
|  72|0x0000000084800000, 0x0000000084900000, 0x0000000084900000|100%| O|  |TAMS 0x0000000084800000| PB 0x0000000084800000| Untracked 
|  73|0x0000000084900000, 0x0000000084a00000, 0x0000000084a00000|100%| O|  |TAMS 0x0000000084900000| PB 0x0000000084900000| Untracked 
|  74|0x0000000084a00000, 0x0000000084b00000, 0x0000000084b00000|100%| O|  |TAMS 0x0000000084a00000| PB 0x0000000084a00000| Untracked 
|  75|0x0000000084b00000, 0x0000000084c00000, 0x0000000084c00000|100%| O|  |TAMS 0x0000000084b00000| PB 0x0000000084b00000| Untracked 
|  76|0x0000000084c00000, 0x0000000084d00000, 0x0000000084d00000|100%| O|  |TAMS 0x0000000084c00000| PB 0x0000000084c00000| Untracked 
|  77|0x0000000084d00000, 0x0000000084e00000, 0x0000000084e00000|100%| O|  |TAMS 0x0000000084d00000| PB 0x0000000084d00000| Untracked 
|  78|0x0000000084e00000, 0x0000000084f00000, 0x0000000084f00000|100%| O|  |TAMS 0x0000000084e00000| PB 0x0000000084e00000| Untracked 
|  79|0x0000000084f00000, 0x0000000085000000, 0x0000000085000000|100%| O|  |TAMS 0x0000000084f00000| PB 0x0000000084f00000| Untracked 
|  80|0x0000000085000000, 0x0000000085100000, 0x0000000085100000|100%| O|  |TAMS 0x0000000085000000| PB 0x0000000085000000| Untracked 
|  81|0x0000000085100000, 0x0000000085200000, 0x0000000085200000|100%| O|  |TAMS 0x0000000085100000| PB 0x0000000085100000| Untracked 
|  82|0x0000000085200000, 0x0000000085300000, 0x0000000085300000|100%| O|  |TAMS 0x0000000085200000| PB 0x0000000085200000| Untracked 
|  83|0x0000000085300000, 0x0000000085400000, 0x0000000085400000|100%| O|Cm|TAMS 0x0000000085300000| PB 0x0000000085300000| Complete 
|  84|0x0000000085400000, 0x0000000085500000, 0x0000000085500000|100%| O|  |TAMS 0x0000000085400000| PB 0x0000000085400000| Untracked 
|  85|0x0000000085500000, 0x0000000085600000, 0x0000000085600000|100%| O|  |TAMS 0x0000000085500000| PB 0x0000000085500000| Untracked 
|  86|0x0000000085600000, 0x0000000085700000, 0x0000000085700000|100%| O|  |TAMS 0x0000000085600000| PB 0x0000000085600000| Untracked 
|  87|0x0000000085700000, 0x0000000085800000, 0x0000000085800000|100%| O|  |TAMS 0x0000000085700000| PB 0x0000000085700000| Untracked 
|  88|0x0000000085800000, 0x0000000085900000, 0x0000000085900000|100%| O|  |TAMS 0x0000000085800000| PB 0x0000000085800000| Untracked 
|  89|0x0000000085900000, 0x0000000085a00000, 0x0000000085a00000|100%| O|Cm|TAMS 0x0000000085900000| PB 0x0000000085900000| Complete 
|  90|0x0000000085a00000, 0x0000000085b00000, 0x0000000085b00000|100%| O|Cm|TAMS 0x0000000085a00000| PB 0x0000000085a00000| Complete 
|  91|0x0000000085b00000, 0x0000000085c00000, 0x0000000085c00000|100%| O|Cm|TAMS 0x0000000085b00000| PB 0x0000000085b00000| Complete 
|  92|0x0000000085c00000, 0x0000000085d00000, 0x0000000085d00000|100%| O|  |TAMS 0x0000000085c00000| PB 0x0000000085c00000| Untracked 
|  93|0x0000000085d00000, 0x0000000085e00000, 0x0000000085e00000|100%| O|  |TAMS 0x0000000085d00000| PB 0x0000000085d00000| Untracked 
|  94|0x0000000085e00000, 0x0000000085f00000, 0x0000000085f00000|100%| O|  |TAMS 0x0000000085e00000| PB 0x0000000085e00000| Untracked 
|  95|0x0000000085f00000, 0x0000000086000000, 0x0000000086000000|100%| O|  |TAMS 0x0000000085f00000| PB 0x0000000085f00000| Untracked 
|  96|0x0000000086000000, 0x0000000086100000, 0x0000000086100000|100%| O|  |TAMS 0x0000000086000000| PB 0x0000000086000000| Untracked 
|  97|0x0000000086100000, 0x0000000086200000, 0x0000000086200000|100%| O|  |TAMS 0x0000000086100000| PB 0x0000000086100000| Untracked 
|  98|0x0000000086200000, 0x0000000086300000, 0x0000000086300000|100%| O|  |TAMS 0x0000000086200000| PB 0x0000000086200000| Untracked 
|  99|0x0000000086300000, 0x0000000086400000, 0x0000000086400000|100%| O|  |TAMS 0x0000000086300000| PB 0x0000000086300000| Untracked 
| 100|0x0000000086400000, 0x0000000086500000, 0x0000000086500000|100%| O|  |TAMS 0x0000000086400000| PB 0x0000000086400000| Untracked 
| 101|0x0000000086500000, 0x0000000086600000, 0x0000000086600000|100%| O|  |TAMS 0x0000000086500000| PB 0x0000000086500000| Untracked 
| 102|0x0000000086600000, 0x0000000086700000, 0x0000000086700000|100%| O|  |TAMS 0x0000000086600000| PB 0x0000000086600000| Untracked 
| 103|0x0000000086700000, 0x0000000086800000, 0x0000000086800000|100%| O|  |TAMS 0x0000000086700000| PB 0x0000000086700000| Untracked 
| 104|0x0000000086800000, 0x0000000086900000, 0x0000000086900000|100%| O|  |TAMS 0x0000000086800000| PB 0x0000000086800000| Untracked 
| 105|0x0000000086900000, 0x0000000086a00000, 0x0000000086a00000|100%| O|  |TAMS 0x0000000086900000| PB 0x0000000086900000| Untracked 
| 106|0x0000000086a00000, 0x0000000086b00000, 0x0000000086b00000|100%| O|  |TAMS 0x0000000086a00000| PB 0x0000000086a00000| Untracked 
| 107|0x0000000086b00000, 0x0000000086c00000, 0x0000000086c00000|100%| O|  |TAMS 0x0000000086b00000| PB 0x0000000086b00000| Untracked 
| 108|0x0000000086c00000, 0x0000000086d00000, 0x0000000086d00000|100%| O|  |TAMS 0x0000000086c00000| PB 0x0000000086c00000| Untracked 
| 109|0x0000000086d00000, 0x0000000086e00000, 0x0000000086e00000|100%| O|Cm|TAMS 0x0000000086d00000| PB 0x0000000086d00000| Complete 
| 110|0x0000000086e00000, 0x0000000086f00000, 0x0000000086f00000|100%| O|  |TAMS 0x0000000086e00000| PB 0x0000000086e00000| Untracked 
| 111|0x0000000086f00000, 0x0000000087000000, 0x0000000087000000|100%| O|  |TAMS 0x0000000086f00000| PB 0x0000000086f00000| Untracked 
| 112|0x0000000087000000, 0x0000000087100000, 0x0000000087100000|100%| O|Cm|TAMS 0x0000000087000000| PB 0x0000000087000000| Complete 
| 113|0x0000000087100000, 0x0000000087200000, 0x0000000087200000|100%| O|  |TAMS 0x0000000087100000| PB 0x0000000087100000| Untracked 
| 114|0x0000000087200000, 0x0000000087300000, 0x0000000087300000|100%| O|  |TAMS 0x0000000087200000| PB 0x0000000087200000| Untracked 
| 115|0x0000000087300000, 0x0000000087400000, 0x0000000087400000|100%| O|  |TAMS 0x0000000087300000| PB 0x0000000087300000| Untracked 
| 116|0x0000000087400000, 0x0000000087500000, 0x0000000087500000|100%| O|  |TAMS 0x0000000087400000| PB 0x0000000087400000| Untracked 
| 117|0x0000000087500000, 0x0000000087600000, 0x0000000087600000|100%| O|  |TAMS 0x0000000087500000| PB 0x0000000087500000| Untracked 
| 118|0x0000000087600000, 0x0000000087700000, 0x0000000087700000|100%| O|  |TAMS 0x0000000087600000| PB 0x0000000087600000| Untracked 
| 119|0x0000000087700000, 0x0000000087800000, 0x0000000087800000|100%| O|  |TAMS 0x0000000087700000| PB 0x0000000087700000| Untracked 
| 120|0x0000000087800000, 0x0000000087800000, 0x0000000087900000|  0%| F|  |TAMS 0x0000000087800000| PB 0x0000000087800000| Untracked 
| 121|0x0000000087900000, 0x0000000087900000, 0x0000000087a00000|  0%| F|  |TAMS 0x0000000087900000| PB 0x0000000087900000| Untracked 
| 122|0x0000000087a00000, 0x0000000087a00000, 0x0000000087b00000|  0%| F|  |TAMS 0x0000000087a00000| PB 0x0000000087a00000| Untracked 
| 123|0x0000000087b00000, 0x0000000087c00000, 0x0000000087c00000|100%| O|  |TAMS 0x0000000087b00000| PB 0x0000000087b00000| Untracked 
| 124|0x0000000087c00000, 0x0000000087d00000, 0x0000000087d00000|100%| O|  |TAMS 0x0000000087c00000| PB 0x0000000087c00000| Untracked 
| 125|0x0000000087d00000, 0x0000000087e00000, 0x0000000087e00000|100%| O|  |TAMS 0x0000000087d00000| PB 0x0000000087d00000| Untracked 
| 126|0x0000000087e00000, 0x0000000087f00000, 0x0000000087f00000|100%| O|  |TAMS 0x0000000087e00000| PB 0x0000000087e00000| Untracked 
| 127|0x0000000087f00000, 0x0000000088000000, 0x0000000088000000|100%| O|  |TAMS 0x0000000087f00000| PB 0x0000000087f00000| Untracked 
| 128|0x0000000088000000, 0x0000000088100000, 0x0000000088100000|100%| O|  |TAMS 0x0000000088000000| PB 0x0000000088000000| Untracked 
| 129|0x0000000088100000, 0x0000000088200000, 0x0000000088200000|100%| O|  |TAMS 0x0000000088100000| PB 0x0000000088100000| Untracked 
| 130|0x0000000088200000, 0x0000000088300000, 0x0000000088300000|100%| O|  |TAMS 0x0000000088200000| PB 0x0000000088200000| Untracked 
| 131|0x0000000088300000, 0x0000000088300000, 0x0000000088400000|  0%| F|  |TAMS 0x0000000088300000| PB 0x0000000088300000| Untracked 
| 132|0x0000000088400000, 0x0000000088400000, 0x0000000088500000|  0%| F|  |TAMS 0x0000000088400000| PB 0x0000000088400000| Untracked 
| 133|0x0000000088500000, 0x0000000088600000, 0x0000000088600000|100%| O|  |TAMS 0x0000000088500000| PB 0x0000000088500000| Untracked 
| 134|0x0000000088600000, 0x0000000088700000, 0x0000000088700000|100%| O|  |TAMS 0x0000000088600000| PB 0x0000000088600000| Untracked 
| 135|0x0000000088700000, 0x0000000088800000, 0x0000000088800000|100%| O|  |TAMS 0x0000000088700000| PB 0x0000000088700000| Untracked 
| 136|0x0000000088800000, 0x0000000088900000, 0x0000000088900000|100%| O|  |TAMS 0x0000000088800000| PB 0x0000000088800000| Untracked 
| 137|0x0000000088900000, 0x0000000088a00000, 0x0000000088a00000|100%| O|  |TAMS 0x0000000088900000| PB 0x0000000088900000| Untracked 
| 138|0x0000000088a00000, 0x0000000088b00000, 0x0000000088b00000|100%| O|  |TAMS 0x0000000088a00000| PB 0x0000000088a00000| Untracked 
| 139|0x0000000088b00000, 0x0000000088c00000, 0x0000000088c00000|100%| O|  |TAMS 0x0000000088b00000| PB 0x0000000088b00000| Untracked 
| 140|0x0000000088c00000, 0x0000000088d00000, 0x0000000088d00000|100%| O|  |TAMS 0x0000000088c00000| PB 0x0000000088c00000| Untracked 
| 141|0x0000000088d00000, 0x0000000088e00000, 0x0000000088e00000|100%| O|  |TAMS 0x0000000088d00000| PB 0x0000000088d00000| Untracked 
| 142|0x0000000088e00000, 0x0000000088e00000, 0x0000000088f00000|  0%| F|  |TAMS 0x0000000088e00000| PB 0x0000000088e00000| Untracked 
| 143|0x0000000088f00000, 0x0000000088f00000, 0x0000000089000000|  0%| F|  |TAMS 0x0000000088f00000| PB 0x0000000088f00000| Untracked 
| 144|0x0000000089000000, 0x0000000089000000, 0x0000000089100000|  0%| F|  |TAMS 0x0000000089000000| PB 0x0000000089000000| Untracked 
| 145|0x0000000089100000, 0x0000000089100000, 0x0000000089200000|  0%| F|  |TAMS 0x0000000089100000| PB 0x0000000089100000| Untracked 
| 146|0x0000000089200000, 0x0000000089200000, 0x0000000089300000|  0%| F|  |TAMS 0x0000000089200000| PB 0x0000000089200000| Untracked 
| 147|0x0000000089300000, 0x0000000089300000, 0x0000000089400000|  0%| F|  |TAMS 0x0000000089300000| PB 0x0000000089300000| Untracked 
| 148|0x0000000089400000, 0x0000000089500000, 0x0000000089500000|100%| O|  |TAMS 0x0000000089400000| PB 0x0000000089400000| Untracked 
| 149|0x0000000089500000, 0x0000000089600000, 0x0000000089600000|100%| O|  |TAMS 0x0000000089500000| PB 0x0000000089500000| Untracked 
| 150|0x0000000089600000, 0x0000000089700000, 0x0000000089700000|100%| O|  |TAMS 0x0000000089600000| PB 0x0000000089600000| Untracked 
| 151|0x0000000089700000, 0x0000000089700000, 0x0000000089800000|  0%| F|  |TAMS 0x0000000089700000| PB 0x0000000089700000| Untracked 
| 152|0x0000000089800000, 0x0000000089800000, 0x0000000089900000|  0%| F|  |TAMS 0x0000000089800000| PB 0x0000000089800000| Untracked 
| 153|0x0000000089900000, 0x0000000089900000, 0x0000000089a00000|  0%| F|  |TAMS 0x0000000089900000| PB 0x0000000089900000| Untracked 
| 154|0x0000000089a00000, 0x0000000089a00000, 0x0000000089b00000|  0%| F|  |TAMS 0x0000000089a00000| PB 0x0000000089a00000| Untracked 
| 155|0x0000000089b00000, 0x0000000089b00000, 0x0000000089c00000|  0%| F|  |TAMS 0x0000000089b00000| PB 0x0000000089b00000| Untracked 
| 156|0x0000000089c00000, 0x0000000089c00000, 0x0000000089d00000|  0%| F|  |TAMS 0x0000000089c00000| PB 0x0000000089c00000| Untracked 
| 157|0x0000000089d00000, 0x0000000089d00000, 0x0000000089e00000|  0%| F|  |TAMS 0x0000000089d00000| PB 0x0000000089d00000| Untracked 
| 158|0x0000000089e00000, 0x0000000089e00000, 0x0000000089f00000|  0%| F|  |TAMS 0x0000000089e00000| PB 0x0000000089e00000| Untracked 
| 159|0x0000000089f00000, 0x0000000089f00000, 0x000000008a000000|  0%| F|  |TAMS 0x0000000089f00000| PB 0x0000000089f00000| Untracked 
| 160|0x000000008a000000, 0x000000008a000000, 0x000000008a100000|  0%| F|  |TAMS 0x000000008a000000| PB 0x000000008a000000| Untracked 
| 161|0x000000008a100000, 0x000000008a100000, 0x000000008a200000|  0%| F|  |TAMS 0x000000008a100000| PB 0x000000008a100000| Untracked 
| 162|0x000000008a200000, 0x000000008a200000, 0x000000008a300000|  0%| F|  |TAMS 0x000000008a200000| PB 0x000000008a200000| Untracked 
| 163|0x000000008a300000, 0x000000008a300000, 0x000000008a400000|  0%| F|  |TAMS 0x000000008a300000| PB 0x000000008a300000| Untracked 
| 164|0x000000008a400000, 0x000000008a400000, 0x000000008a500000|  0%| F|  |TAMS 0x000000008a400000| PB 0x000000008a400000| Untracked 
| 165|0x000000008a500000, 0x000000008a500000, 0x000000008a600000|  0%| F|  |TAMS 0x000000008a500000| PB 0x000000008a500000| Untracked 
| 166|0x000000008a600000, 0x000000008a600000, 0x000000008a700000|  0%| F|  |TAMS 0x000000008a600000| PB 0x000000008a600000| Untracked 
| 167|0x000000008a700000, 0x000000008a700000, 0x000000008a800000|  0%| F|  |TAMS 0x000000008a700000| PB 0x000000008a700000| Untracked 
| 168|0x000000008a800000, 0x000000008a800000, 0x000000008a900000|  0%| F|  |TAMS 0x000000008a800000| PB 0x000000008a800000| Untracked 
| 169|0x000000008a900000, 0x000000008a900000, 0x000000008aa00000|  0%| F|  |TAMS 0x000000008a900000| PB 0x000000008a900000| Untracked 
| 170|0x000000008aa00000, 0x000000008aa00000, 0x000000008ab00000|  0%| F|  |TAMS 0x000000008aa00000| PB 0x000000008aa00000| Untracked 
| 171|0x000000008ab00000, 0x000000008ab00000, 0x000000008ac00000|  0%| F|  |TAMS 0x000000008ab00000| PB 0x000000008ab00000| Untracked 
| 172|0x000000008ac00000, 0x000000008ac00000, 0x000000008ad00000|  0%| F|  |TAMS 0x000000008ac00000| PB 0x000000008ac00000| Untracked 
| 173|0x000000008ad00000, 0x000000008ad00000, 0x000000008ae00000|  0%| F|  |TAMS 0x000000008ad00000| PB 0x000000008ad00000| Untracked 
| 174|0x000000008ae00000, 0x000000008af00000, 0x000000008af00000|100%| E|  |TAMS 0x000000008ae00000| PB 0x000000008ae00000| Complete 
| 175|0x000000008af00000, 0x000000008b000000, 0x000000008b000000|100%| E|CS|TAMS 0x000000008af00000| PB 0x000000008af00000| Complete 
| 176|0x000000008b000000, 0x000000008b100000, 0x000000008b100000|100%| E|CS|TAMS 0x000000008b000000| PB 0x000000008b000000| Complete 
| 177|0x000000008b100000, 0x000000008b200000, 0x000000008b200000|100%| E|CS|TAMS 0x000000008b100000| PB 0x000000008b100000| Complete 
| 178|0x000000008b200000, 0x000000008b300000, 0x000000008b300000|100%| E|CS|TAMS 0x000000008b200000| PB 0x000000008b200000| Complete 
| 179|0x000000008b300000, 0x000000008b400000, 0x000000008b400000|100%| E|CS|TAMS 0x000000008b300000| PB 0x000000008b300000| Complete 
| 180|0x000000008b400000, 0x000000008b4a5eb8, 0x000000008b500000| 64%| S|CS|TAMS 0x000000008b400000| PB 0x000000008b400000| Complete 
| 181|0x000000008b500000, 0x000000008b600000, 0x000000008b600000|100%| S|CS|TAMS 0x000000008b500000| PB 0x000000008b500000| Complete 
| 182|0x000000008b600000, 0x000000008b700000, 0x000000008b700000|100%| S|CS|TAMS 0x000000008b600000| PB 0x000000008b600000| Complete 
| 183|0x000000008b700000, 0x000000008b800000, 0x000000008b800000|100%| S|CS|TAMS 0x000000008b700000| PB 0x000000008b700000| Complete 
| 184|0x000000008b800000, 0x000000008b900000, 0x000000008b900000|100%| S|CS|TAMS 0x000000008b800000| PB 0x000000008b800000| Complete 
| 185|0x000000008b900000, 0x000000008ba00000, 0x000000008ba00000|100%| S|CS|TAMS 0x000000008b900000| PB 0x000000008b900000| Complete 
| 186|0x000000008ba00000, 0x000000008bb00000, 0x000000008bb00000|100%| E|CS|TAMS 0x000000008ba00000| PB 0x000000008ba00000| Complete 
| 187|0x000000008bb00000, 0x000000008bc00000, 0x000000008bc00000|100%| E|CS|TAMS 0x000000008bb00000| PB 0x000000008bb00000| Complete 
| 188|0x000000008bc00000, 0x000000008bd00000, 0x000000008bd00000|100%| E|CS|TAMS 0x000000008bc00000| PB 0x000000008bc00000| Complete 
| 189|0x000000008bd00000, 0x000000008be00000, 0x000000008be00000|100%| E|CS|TAMS 0x000000008bd00000| PB 0x000000008bd00000| Complete 
| 190|0x000000008be00000, 0x000000008bf00000, 0x000000008bf00000|100%| E|CS|TAMS 0x000000008be00000| PB 0x000000008be00000| Complete 
| 191|0x000000008bf00000, 0x000000008c000000, 0x000000008c000000|100%| E|CS|TAMS 0x000000008bf00000| PB 0x000000008bf00000| Complete 
| 192|0x000000008c000000, 0x000000008c100000, 0x000000008c100000|100%| E|CS|TAMS 0x000000008c000000| PB 0x000000008c000000| Complete 
| 193|0x000000008c100000, 0x000000008c200000, 0x000000008c200000|100%| E|CS|TAMS 0x000000008c100000| PB 0x000000008c100000| Complete 
| 194|0x000000008c200000, 0x000000008c300000, 0x000000008c300000|100%| E|CS|TAMS 0x000000008c200000| PB 0x000000008c200000| Complete 
| 195|0x000000008c300000, 0x000000008c400000, 0x000000008c400000|100%| E|CS|TAMS 0x000000008c300000| PB 0x000000008c300000| Complete 
| 196|0x000000008c400000, 0x000000008c500000, 0x000000008c500000|100%| E|CS|TAMS 0x000000008c400000| PB 0x000000008c400000| Complete 
| 197|0x000000008c500000, 0x000000008c600000, 0x000000008c600000|100%| E|CS|TAMS 0x000000008c500000| PB 0x000000008c500000| Complete 
| 198|0x000000008c600000, 0x000000008c700000, 0x000000008c700000|100%| E|CS|TAMS 0x000000008c600000| PB 0x000000008c600000| Complete 
| 199|0x000000008c700000, 0x000000008c800000, 0x000000008c800000|100%| E|CS|TAMS 0x000000008c700000| PB 0x000000008c700000| Complete 
| 200|0x000000008c800000, 0x000000008c900000, 0x000000008c900000|100%| E|CS|TAMS 0x000000008c800000| PB 0x000000008c800000| Complete 
| 201|0x000000008c900000, 0x000000008ca00000, 0x000000008ca00000|100%| E|CS|TAMS 0x000000008c900000| PB 0x000000008c900000| Complete 
| 202|0x000000008ca00000, 0x000000008cb00000, 0x000000008cb00000|100%| E|CS|TAMS 0x000000008ca00000| PB 0x000000008ca00000| Complete 
| 203|0x000000008cb00000, 0x000000008cc00000, 0x000000008cc00000|100%| E|CS|TAMS 0x000000008cb00000| PB 0x000000008cb00000| Complete 
| 204|0x000000008cc00000, 0x000000008cd00000, 0x000000008cd00000|100%| E|CS|TAMS 0x000000008cc00000| PB 0x000000008cc00000| Complete 
| 205|0x000000008cd00000, 0x000000008ce00000, 0x000000008ce00000|100%| E|  |TAMS 0x000000008cd00000| PB 0x000000008cd00000| Complete 
| 206|0x000000008ce00000, 0x000000008cf00000, 0x000000008cf00000|100%| E|CS|TAMS 0x000000008ce00000| PB 0x000000008ce00000| Complete 
| 207|0x000000008cf00000, 0x000000008d000000, 0x000000008d000000|100%| E|CS|TAMS 0x000000008cf00000| PB 0x000000008cf00000| Complete 
| 208|0x000000008d000000, 0x000000008d100000, 0x000000008d100000|100%| E|CS|TAMS 0x000000008d000000| PB 0x000000008d000000| Complete 
| 209|0x000000008d100000, 0x000000008d200000, 0x000000008d200000|100%| E|CS|TAMS 0x000000008d100000| PB 0x000000008d100000| Complete 
| 210|0x000000008d200000, 0x000000008d300000, 0x000000008d300000|100%| E|CS|TAMS 0x000000008d200000| PB 0x000000008d200000| Complete 
| 211|0x000000008d300000, 0x000000008d400000, 0x000000008d400000|100%| E|CS|TAMS 0x000000008d300000| PB 0x000000008d300000| Complete 
| 212|0x000000008d400000, 0x000000008d500000, 0x000000008d500000|100%| E|CS|TAMS 0x000000008d400000| PB 0x000000008d400000| Complete 
| 213|0x000000008d500000, 0x000000008d600000, 0x000000008d600000|100%| E|CS|TAMS 0x000000008d500000| PB 0x000000008d500000| Complete 
| 214|0x000000008d600000, 0x000000008d700000, 0x000000008d700000|100%| E|CS|TAMS 0x000000008d600000| PB 0x000000008d600000| Complete 
| 215|0x000000008d700000, 0x000000008d800000, 0x000000008d800000|100%| E|CS|TAMS 0x000000008d700000| PB 0x000000008d700000| Complete 
| 216|0x000000008d800000, 0x000000008d900000, 0x000000008d900000|100%| E|CS|TAMS 0x000000008d800000| PB 0x000000008d800000| Complete 
| 217|0x000000008d900000, 0x000000008da00000, 0x000000008da00000|100%| E|CS|TAMS 0x000000008d900000| PB 0x000000008d900000| Complete 
| 218|0x000000008da00000, 0x000000008db00000, 0x000000008db00000|100%| E|CS|TAMS 0x000000008da00000| PB 0x000000008da00000| Complete 
| 219|0x000000008db00000, 0x000000008dc00000, 0x000000008dc00000|100%| E|CS|TAMS 0x000000008db00000| PB 0x000000008db00000| Complete 
| 220|0x000000008dc00000, 0x000000008dd00000, 0x000000008dd00000|100%| E|CS|TAMS 0x000000008dc00000| PB 0x000000008dc00000| Complete 
| 221|0x000000008dd00000, 0x000000008de00000, 0x000000008de00000|100%| E|CS|TAMS 0x000000008dd00000| PB 0x000000008dd00000| Complete 
| 222|0x000000008de00000, 0x000000008df00000, 0x000000008df00000|100%| E|CS|TAMS 0x000000008de00000| PB 0x000000008de00000| Complete 
| 223|0x000000008df00000, 0x000000008e000000, 0x000000008e000000|100%| E|CS|TAMS 0x000000008df00000| PB 0x000000008df00000| Complete 
| 224|0x000000008e000000, 0x000000008e100000, 0x000000008e100000|100%| E|CS|TAMS 0x000000008e000000| PB 0x000000008e000000| Complete 
| 225|0x000000008e100000, 0x000000008e200000, 0x000000008e200000|100%| E|CS|TAMS 0x000000008e100000| PB 0x000000008e100000| Complete 
| 226|0x000000008e200000, 0x000000008e300000, 0x000000008e300000|100%| E|CS|TAMS 0x000000008e200000| PB 0x000000008e200000| Complete 
| 227|0x000000008e300000, 0x000000008e400000, 0x000000008e400000|100%| E|CS|TAMS 0x000000008e300000| PB 0x000000008e300000| Complete 
| 228|0x000000008e400000, 0x000000008e500000, 0x000000008e500000|100%| E|CS|TAMS 0x000000008e400000| PB 0x000000008e400000| Complete 
| 229|0x000000008e500000, 0x000000008e600000, 0x000000008e600000|100%| E|CS|TAMS 0x000000008e500000| PB 0x000000008e500000| Complete 
| 230|0x000000008e600000, 0x000000008e700000, 0x000000008e700000|100%| E|CS|TAMS 0x000000008e600000| PB 0x000000008e600000| Complete 
| 231|0x000000008e700000, 0x000000008e800000, 0x000000008e800000|100%| E|CS|TAMS 0x000000008e700000| PB 0x000000008e700000| Complete 
| 232|0x000000008e800000, 0x000000008e900000, 0x000000008e900000|100%| E|CS|TAMS 0x000000008e800000| PB 0x000000008e800000| Complete 
| 233|0x000000008e900000, 0x000000008ea00000, 0x000000008ea00000|100%| E|CS|TAMS 0x000000008e900000| PB 0x000000008e900000| Complete 
| 234|0x000000008ea00000, 0x000000008eb00000, 0x000000008eb00000|100%| E|CS|TAMS 0x000000008ea00000| PB 0x000000008ea00000| Complete 
| 235|0x000000008eb00000, 0x000000008ec00000, 0x000000008ec00000|100%| E|CS|TAMS 0x000000008eb00000| PB 0x000000008eb00000| Complete 
| 236|0x000000008ec00000, 0x000000008ed00000, 0x000000008ed00000|100%| E|CS|TAMS 0x000000008ec00000| PB 0x000000008ec00000| Complete 
| 237|0x000000008ed00000, 0x000000008ee00000, 0x000000008ee00000|100%| E|CS|TAMS 0x000000008ed00000| PB 0x000000008ed00000| Complete 
| 238|0x000000008ee00000, 0x000000008ef00000, 0x000000008ef00000|100%| E|CS|TAMS 0x000000008ee00000| PB 0x000000008ee00000| Complete 
| 239|0x000000008ef00000, 0x000000008f000000, 0x000000008f000000|100%| E|CS|TAMS 0x000000008ef00000| PB 0x000000008ef00000| Complete 
| 240|0x000000008f000000, 0x000000008f100000, 0x000000008f100000|100%| E|CS|TAMS 0x000000008f000000| PB 0x000000008f000000| Complete 
| 241|0x000000008f100000, 0x000000008f200000, 0x000000008f200000|100%| E|CS|TAMS 0x000000008f100000| PB 0x000000008f100000| Complete 
| 242|0x000000008f200000, 0x000000008f300000, 0x000000008f300000|100%| E|CS|TAMS 0x000000008f200000| PB 0x000000008f200000| Complete 
| 243|0x000000008f300000, 0x000000008f400000, 0x000000008f400000|100%| E|CS|TAMS 0x000000008f300000| PB 0x000000008f300000| Complete 
| 244|0x000000008f400000, 0x000000008f500000, 0x000000008f500000|100%| E|CS|TAMS 0x000000008f400000| PB 0x000000008f400000| Complete 
| 245|0x000000008f500000, 0x000000008f600000, 0x000000008f600000|100%| E|CS|TAMS 0x000000008f500000| PB 0x000000008f500000| Complete 
|2025|0x00000000fe900000, 0x00000000fea00000, 0x00000000fea00000|100%| O|Cm|TAMS 0x00000000fe900000| PB 0x00000000fe900000| Complete 
|2026|0x00000000fea00000, 0x00000000feb00000, 0x00000000feb00000|100%| O|  |TAMS 0x00000000fea00000| PB 0x00000000fea00000| Untracked 
|2027|0x00000000feb00000, 0x00000000fec00000, 0x00000000fec00000|100%| E|CS|TAMS 0x00000000feb00000| PB 0x00000000feb00000| Complete 
|2028|0x00000000fec00000, 0x00000000fed00000, 0x00000000fed00000|100%| E|CS|TAMS 0x00000000fec00000| PB 0x00000000fec00000| Complete 
|2029|0x00000000fed00000, 0x00000000fee00000, 0x00000000fee00000|100%| O|  |TAMS 0x00000000fed00000| PB 0x00000000fed00000| Untracked 
|2030|0x00000000fee00000, 0x00000000fef00000, 0x00000000fef00000|100%| O|  |TAMS 0x00000000fee00000| PB 0x00000000fee00000| Untracked 
|2031|0x00000000fef00000, 0x00000000ff000000, 0x00000000ff000000|100%| O|  |TAMS 0x00000000fef00000| PB 0x00000000fef00000| Untracked 
|2032|0x00000000ff000000, 0x00000000ff100000, 0x00000000ff100000|100%| O|  |TAMS 0x00000000ff000000| PB 0x00000000ff000000| Untracked 
|2033|0x00000000ff100000, 0x00000000ff200000, 0x00000000ff200000|100%| E|CS|TAMS 0x00000000ff100000| PB 0x00000000ff100000| Complete 
|2034|0x00000000ff200000, 0x00000000ff300000, 0x00000000ff300000|100%| O|  |TAMS 0x00000000ff200000| PB 0x00000000ff200000| Untracked 
|2035|0x00000000ff300000, 0x00000000ff400000, 0x00000000ff400000|100%| O|  |TAMS 0x00000000ff300000| PB 0x00000000ff300000| Untracked 
|2036|0x00000000ff400000, 0x00000000ff500000, 0x00000000ff500000|100%| O|  |TAMS 0x00000000ff400000| PB 0x00000000ff400000| Untracked 
|2037|0x00000000ff500000, 0x00000000ff600000, 0x00000000ff600000|100%| O|  |TAMS 0x00000000ff500000| PB 0x00000000ff500000| Untracked 
|2038|0x00000000ff600000, 0x00000000ff700000, 0x00000000ff700000|100%| O|  |TAMS 0x00000000ff600000| PB 0x00000000ff600000| Untracked 
|2039|0x00000000ff700000, 0x00000000ff800000, 0x00000000ff800000|100%| O|  |TAMS 0x00000000ff700000| PB 0x00000000ff700000| Untracked 
|2040|0x00000000ff800000, 0x00000000ff900000, 0x00000000ff900000|100%| O|  |TAMS 0x00000000ff800000| PB 0x00000000ff800000| Untracked 
|2041|0x00000000ff900000, 0x00000000ffa00000, 0x00000000ffa00000|100%| O|  |TAMS 0x00000000ff900000| PB 0x00000000ff900000| Untracked 
|2042|0x00000000ffa00000, 0x00000000ffb00000, 0x00000000ffb00000|100%| E|CS|TAMS 0x00000000ffa00000| PB 0x00000000ffa00000| Complete 
|2043|0x00000000ffb00000, 0x00000000ffc00000, 0x00000000ffc00000|100%| O|  |TAMS 0x00000000ffb00000| PB 0x00000000ffb00000| Untracked 
|2044|0x00000000ffc00000, 0x00000000ffd00000, 0x00000000ffd00000|100%| O|  |TAMS 0x00000000ffc00000| PB 0x00000000ffc00000| Untracked 
|2045|0x00000000ffd00000, 0x00000000ffe00000, 0x00000000ffe00000|100%| O|  |TAMS 0x00000000ffd00000| PB 0x00000000ffd00000| Untracked 
|2046|0x00000000ffe00000, 0x00000000fff00000, 0x00000000fff00000|100%| O|  |TAMS 0x00000000ffe00000| PB 0x00000000ffe00000| Untracked 
|2047|0x00000000fff00000, 0x0000000100000000, 0x0000000100000000|100%| O|  |TAMS 0x00000000fff00000| PB 0x00000000fff00000| Untracked 

Card table byte_map: [0x000001f674960000,0x000001f674d60000] _byte_map_base: 0x000001f674560000

Marking Bits: (CMBitMap*) 0x000001f662116830
 Bits: [0x000001f674d60000, 0x000001f676d60000)

Polling page: 0x000001f65fec0000

Metaspace:

Usage:
  Non-class:     94.52 MB used.
      Class:     15.27 MB used.
       Both:    109.79 MB used.

Virtual space:
  Non-class space:      128.00 MB reserved,      95.56 MB ( 75%) committed,  2 nodes.
      Class space:        1.00 GB reserved,      16.25 MB (  2%) committed,  1 nodes.
             Both:        1.12 GB reserved,     111.81 MB ( 10%) committed. 

Chunk freelists:
   Non-Class:  15.64 MB
       Class:  15.58 MB
        Both:  31.22 MB

MaxMetaspaceSize: unlimited
CompressedClassSpaceSize: 1.00 GB
Initial GC threshold: 21.00 MB
Current GC threshold: 185.88 MB
CDS: off
 - commit_granule_bytes: 65536.
 - commit_granule_words: 8192.
 - virtual_space_node_default_size: 8388608.
 - enlarge_chunks_in_place: 1.
 - use_allocation_guard: 0.


Internal statistics:

num_allocs_failed_limit: 9.
num_arena_births: 3996.
num_arena_deaths: 4.
num_vsnodes_births: 3.
num_vsnodes_deaths: 0.
num_space_committed: 1789.
num_space_uncommitted: 0.
num_chunks_returned_to_freelist: 14.
num_chunks_taken_from_freelist: 8808.
num_chunk_merges: 9.
num_chunk_splits: 5680.
num_chunks_enlarged: 3545.
num_inconsistent_stats: 0.

CodeHeap 'non-profiled nmethods': size=120000Kb used=11143Kb max_used=11143Kb free=108856Kb
 bounds [0x000001f66cd00000, 0x000001f66d7f0000, 0x000001f674230000]
CodeHeap 'profiled nmethods': size=120000Kb used=27438Kb max_used=27562Kb free=92561Kb
 bounds [0x000001f665230000, 0x000001f666d20000, 0x000001f66c760000]
CodeHeap 'non-nmethods': size=5760Kb used=2702Kb max_used=2866Kb free=3057Kb
 bounds [0x000001f66c760000, 0x000001f66ca50000, 0x000001f66cd00000]
CodeCache: size=245760Kb, used=41283Kb, max_used=41571Kb, free=204474Kb
 total_blobs=15713, nmethods=14729, adapters=887, full_count=0
Compilation: enabled, stopped_count=0, restarted_count=0

Compilation events (20 events):
Event: 369.101 Thread 0x000001f6799ba710 nmethod 17285 0x000001f665c53190 code [0x000001f665c53440, 0x000001f665c53d38]
Event: 369.101 Thread 0x000001f6799ba710 17286       3       java.math.BigInteger::abs (16 bytes)
Event: 369.102 Thread 0x000001f6799ba710 nmethod 17286 0x000001f665c52c90 code [0x000001f665c52e40, 0x000001f665c530a8]
Event: 369.102 Thread 0x000001f6799ba710 17287       3       java.math.BigInteger::padWithZeros (39 bytes)
Event: 369.102 Thread 0x000001f6799ba710 nmethod 17287 0x000001f665c52590 code [0x000001f665c52780, 0x000001f665c52ae8]
Event: 369.102 Thread 0x000001f6799ba710 17288       3       java.lang.Character::isDigit (5 bytes)
Event: 369.102 Thread 0x000001f6799ba710 nmethod 17288 0x000001f665c52090 code [0x000001f665c52260, 0x000001f665c524b0]
Event: 369.102 Thread 0x000001f6799ba710 17289       3       java.lang.Character::isDigit (9 bytes)
Event: 369.102 Thread 0x000001f6799ba710 nmethod 17289 0x000001f665c51c10 code [0x000001f665c51dc0, 0x000001f665c51fb0]
Event: 369.102 Thread 0x000001f6799ba710 17291       3       org.gradle.api.internal.artifacts.configurations.DefaultConfiguration$$Lambda/0x000000010074d630::execute (16 bytes)
Event: 369.102 Thread 0x000001f6799ba710 nmethod 17291 0x000001f665c51610 code [0x000001f665c517e0, 0x000001f665c51af8]
Event: 369.102 Thread 0x000001f6799ba710 17294       3       org.gradle.internal.extensibility.DefaultConvention$ExtensionsDynamicObject::tryGetProperty (109 bytes)
Event: 369.103 Thread 0x000001f6799ba710 nmethod 17294 0x000001f666497f10 code [0x000001f666498200, 0x000001f666499088]
Event: 369.103 Thread 0x000001f6799ba710 17292       3       org.gradle.api.internal.artifacts.configurations.DefaultConfiguration::lambda$validateMutationType$1 (8 bytes)
Event: 369.103 Thread 0x000001f6799ba710 nmethod 17292 0x000001f665c51190 code [0x000001f665c51340, 0x000001f665c514f0]
Event: 369.103 Thread 0x000001f6799ba710 17290       3       java.lang.CharacterDataLatin1::isDigit (18 bytes)
Event: 369.104 Thread 0x000001f6799ba710 nmethod 17290 0x000001f665c50b10 code [0x000001f665c50cc0, 0x000001f665c50e50]
Event: 369.106 Thread 0x000001f6799ba710 17295       3       org.jetbrains.kotlin.gradle.plugin.mpp.compilationImpl.KotlinCompilationImpl::getTarget (8 bytes)
Event: 369.106 Thread 0x000001f6799ba710 nmethod 17295 0x000001f666497b90 code [0x000001f666497d20, 0x000001f666497e50]
Event: 369.106 Thread 0x000001f6799ba710 17296       3       org.gradle.api.internal.artifacts.dependencies.DefaultExternalModuleDependency_Decorated::<init> (12 bytes)

GC Heap History (20 events):
Event: 21.612 GC heap before
{Heap before GC invocations=36 (full 0):
 garbage-first heap   total 176128K, used 161750K [0x0000000080000000, 0x0000000100000000)
  region size 1024K, 55 young (56320K), 8 survivors (8192K)
 Metaspace       used 108327K, committed 110336K, reserved 1179648K
  class space    used 15295K, committed 16256K, reserved 1048576K
}
Event: 21.624 GC heap after
{Heap after GC invocations=37 (full 0):
 garbage-first heap   total 178176K, used 120940K [0x0000000080000000, 0x0000000100000000)
  region size 1024K, 7 young (7168K), 7 survivors (7168K)
 Metaspace       used 108327K, committed 110336K, reserved 1179648K
  class space    used 15295K, committed 16256K, reserved 1048576K
}
Event: 22.082 GC heap before
{Heap before GC invocations=38 (full 0):
 garbage-first heap   total 203776K, used 163948K [0x0000000080000000, 0x0000000100000000)
  region size 1024K, 49 young (50176K), 7 survivors (7168K)
 Metaspace       used 108505K, committed 110528K, reserved 1179648K
  class space    used 15296K, committed 16256K, reserved 1048576K
}
Event: 22.089 GC heap after
{Heap after GC invocations=39 (full 0):
 garbage-first heap   total 203776K, used 123644K [0x0000000080000000, 0x0000000100000000)
  region size 1024K, 3 young (3072K), 3 survivors (3072K)
 Metaspace       used 108505K, committed 110528K, reserved 1179648K
  class space    used 15296K, committed 16256K, reserved 1048576K
}
Event: 22.881 GC heap before
{Heap before GC invocations=39 (full 0):
 garbage-first heap   total 203776K, used 184060K [0x0000000080000000, 0x0000000100000000)
  region size 1024K, 63 young (64512K), 3 survivors (3072K)
 Metaspace       used 109066K, committed 111040K, reserved 1179648K
  class space    used 15388K, committed 16320K, reserved 1048576K
}
Event: 22.887 GC heap after
{Heap after GC invocations=40 (full 0):
 garbage-first heap   total 244736K, used 126406K [0x0000000080000000, 0x0000000100000000)
  region size 1024K, 6 young (6144K), 6 survivors (6144K)
 Metaspace       used 109066K, committed 111040K, reserved 1179648K
  class space    used 15388K, committed 16320K, reserved 1048576K
}
Event: 23.676 GC heap before
{Heap before GC invocations=40 (full 0):
 garbage-first heap   total 244736K, used 213446K [0x0000000080000000, 0x0000000100000000)
  region size 1024K, 92 young (94208K), 6 survivors (6144K)
 Metaspace       used 109423K, committed 111424K, reserved 1179648K
  class space    used 15440K, committed 16384K, reserved 1048576K
}
Event: 23.685 GC heap after
{Heap after GC invocations=41 (full 0):
 garbage-first heap   total 244736K, used 130751K [0x0000000080000000, 0x0000000100000000)
  region size 1024K, 10 young (10240K), 10 survivors (10240K)
 Metaspace       used 109423K, committed 111424K, reserved 1179648K
  class space    used 15440K, committed 16384K, reserved 1048576K
}
Event: 25.269 GC heap before
{Heap before GC invocations=41 (full 0):
 garbage-first heap   total 244736K, used 223935K [0x0000000080000000, 0x0000000100000000)
  region size 1024K, 102 young (104448K), 10 survivors (10240K)
 Metaspace       used 109619K, committed 111552K, reserved 1179648K
  class space    used 15450K, committed 16384K, reserved 1048576K
}
Event: 25.279 GC heap after
{Heap after GC invocations=42 (full 0):
 garbage-first heap   total 244736K, used 134689K [0x0000000080000000, 0x0000000100000000)
  region size 1024K, 9 young (9216K), 9 survivors (9216K)
 Metaspace       used 109619K, committed 111552K, reserved 1179648K
  class space    used 15450K, committed 16384K, reserved 1048576K
}
Event: 26.140 GC heap before
{Heap before GC invocations=42 (full 0):
 garbage-first heap   total 244736K, used 225825K [0x0000000080000000, 0x0000000100000000)
  region size 1024K, 99 young (101376K), 9 survivors (9216K)
 Metaspace       used 110745K, committed 112832K, reserved 1179648K
  class space    used 15606K, committed 16640K, reserved 1048576K
}
Event: 26.150 GC heap after
{Heap after GC invocations=43 (full 0):
 garbage-first heap   total 244736K, used 138099K [0x0000000080000000, 0x0000000100000000)
  region size 1024K, 8 young (8192K), 8 survivors (8192K)
 Metaspace       used 110745K, committed 112832K, reserved 1179648K
  class space    used 15606K, committed 16640K, reserved 1048576K
}
Event: 325.402 GC heap before
{Heap before GC invocations=44 (full 0):
 garbage-first heap   total 244736K, used 227187K [0x0000000080000000, 0x0000000100000000)
  region size 1024K, 96 young (98304K), 8 survivors (8192K)
 Metaspace       used 111531K, committed 113600K, reserved 1179648K
  class space    used 15619K, committed 16640K, reserved 1048576K
}
Event: 325.419 GC heap after
{Heap after GC invocations=45 (full 0):
 garbage-first heap   total 245760K, used 147022K [0x0000000080000000, 0x0000000100000000)
  region size 1024K, 12 young (12288K), 12 survivors (12288K)
 Metaspace       used 111531K, committed 113600K, reserved 1179648K
  class space    used 15619K, committed 16640K, reserved 1048576K
}
Event: 326.318 GC heap before
{Heap before GC invocations=45 (full 0):
 garbage-first heap   total 245760K, used 226894K [0x0000000080000000, 0x0000000100000000)
  region size 1024K, 91 young (93184K), 12 survivors (12288K)
 Metaspace       used 111767K, committed 113856K, reserved 1179648K
  class space    used 15619K, committed 16640K, reserved 1048576K
}
Event: 326.335 GC heap after
{Heap after GC invocations=46 (full 0):
 garbage-first heap   total 248832K, used 153164K [0x0000000080000000, 0x0000000100000000)
  region size 1024K, 7 young (7168K), 7 survivors (7168K)
 Metaspace       used 111767K, committed 113856K, reserved 1179648K
  class space    used 15619K, committed 16640K, reserved 1048576K
}
Event: 334.717 GC heap before
{Heap before GC invocations=46 (full 0):
 garbage-first heap   total 248832K, used 228940K [0x0000000080000000, 0x0000000100000000)
  region size 1024K, 82 young (83968K), 7 survivors (7168K)
 Metaspace       used 112065K, committed 114176K, reserved 1179648K
  class space    used 15627K, committed 16640K, reserved 1048576K
}
Event: 334.731 GC heap after
{Heap after GC invocations=47 (full 0):
 garbage-first heap   total 248832K, used 163770K [0x0000000080000000, 0x0000000100000000)
  region size 1024K, 11 young (11264K), 11 survivors (11264K)
 Metaspace       used 112065K, committed 114176K, reserved 1179648K
  class space    used 15627K, committed 16640K, reserved 1048576K
}
Event: 335.381 GC heap before
{Heap before GC invocations=48 (full 0):
 garbage-first heap   total 275456K, used 228282K [0x0000000080000000, 0x0000000100000000)
  region size 1024K, 75 young (76800K), 11 survivors (11264K)
 Metaspace       used 112198K, committed 114240K, reserved 1179648K
  class space    used 15628K, committed 16640K, reserved 1048576K
}
Event: 335.392 GC heap after
{Heap after GC invocations=49 (full 0):
 garbage-first heap   total 275456K, used 168599K [0x0000000080000000, 0x0000000100000000)
  region size 1024K, 6 young (6144K), 6 survivors (6144K)
 Metaspace       used 112198K, committed 114240K, reserved 1179648K
  class space    used 15628K, committed 16640K, reserved 1048576K
}

Dll operation events (3 events):
Event: 0.006 Loaded shared library D:\Downloads\AndroidStudio\jbr\bin\java.dll
Event: 0.011 Loaded shared library D:\Downloads\AndroidStudio\jbr\bin\zip.dll
Event: 0.604 Loaded shared library D:\Downloads\AndroidStudio\jbr\bin\verify.dll

Deoptimization events (20 events):
Event: 335.280 Thread 0x000001f67f4f0360 Uncommon trap: trap_request=0xffffffbe fr.pc=0x000001f66d7673e0 relative=0x0000000000001a00
Event: 335.280 Thread 0x000001f67f4f0360 Uncommon trap: reason=profile_predicate action=maybe_recompile pc=0x000001f66d7673e0 method=java.io.ObjectStreamClass$FieldReflector.getPrimFieldValues(Ljava/lang/Object;[B)V @ 19 c2
Event: 335.280 Thread 0x000001f67f4f0360 DEOPT PACKING pc=0x000001f66d7673e0 sp=0x000000de834fcb90
Event: 335.280 Thread 0x000001f67f4f0360 DEOPT UNPACKING pc=0x000001f66c7b43a2 sp=0x000000de834fca60 mode 2
Event: 335.334 Thread 0x000001f67f4f58b0 Uncommon trap: trap_request=0xffffffde fr.pc=0x000001f66d4b3ce4 relative=0x0000000000000864
Event: 335.334 Thread 0x000001f67f4f58b0 Uncommon trap: reason=class_check action=maybe_recompile pc=0x000001f66d4b3ce4 method=org.gradle.internal.snapshot.impl.AbstractValueProcessor.processValue(Ljava/lang/Object;Lorg/gradle/internal/snapshot/impl/AbstractValueProcessor$ValueVisitor;)Ljava/lan
Event: 335.334 Thread 0x000001f67f4f58b0 DEOPT PACKING pc=0x000001f66d4b3ce4 sp=0x000000de832fa470
Event: 335.334 Thread 0x000001f67f4f58b0 DEOPT UNPACKING pc=0x000001f66c7b43a2 sp=0x000000de832fa3f8 mode 2
Event: 335.469 Thread 0x000001f6049d6120 Uncommon trap: trap_request=0xffffffc6 fr.pc=0x000001f66cddb090 relative=0x00000000000002f0
Event: 335.469 Thread 0x000001f6049d6120 Uncommon trap: reason=bimorphic_or_optimized_type_check action=maybe_recompile pc=0x000001f66cddb090 method=java.util.Spliterators$IteratorSpliterator.tryAdvance(Ljava/util/function/Consumer;)Z @ 50 c2
Event: 335.469 Thread 0x000001f6049d6120 DEOPT PACKING pc=0x000001f66cddb090 sp=0x000000de80dfb680
Event: 335.469 Thread 0x000001f6049d6120 DEOPT UNPACKING pc=0x000001f66c7b43a2 sp=0x000000de80dfb620 mode 2
Event: 368.982 Thread 0x000001f6049d6120 DEOPT PACKING pc=0x000001f6658e6189 sp=0x000000de80df8550
Event: 368.982 Thread 0x000001f6049d6120 DEOPT UNPACKING pc=0x000001f66c7b4b42 sp=0x000000de80df7a40 mode 0
Event: 369.015 Thread 0x000001f6049d6120 DEOPT PACKING pc=0x000001f665662a5e sp=0x000000de80df9350
Event: 369.015 Thread 0x000001f6049d6120 DEOPT UNPACKING pc=0x000001f66c7b4b42 sp=0x000000de80df8838 mode 0
Event: 369.069 Thread 0x000001f6049d6120 Uncommon trap: trap_request=0xfffffff4 fr.pc=0x000001f66d746848 relative=0x0000000000000128
Event: 369.069 Thread 0x000001f6049d6120 Uncommon trap: reason=null_check action=make_not_entrant pc=0x000001f66d746848 method=org.gradle.api.internal.collections.CollectionFilter.filter(Ljava/lang/Object;)Ljava/lang/Object; @ 5 c2
Event: 369.069 Thread 0x000001f6049d6120 DEOPT PACKING pc=0x000001f66d746848 sp=0x000000de80df9750
Event: 369.069 Thread 0x000001f6049d6120 DEOPT UNPACKING pc=0x000001f66c7b43a2 sp=0x000000de80df96f0 mode 2

Classes loaded (20 events):
Event: 26.026 Loading class javax/management/InstanceAlreadyExistsException
Event: 26.026 Loading class javax/management/InstanceAlreadyExistsException done
Event: 26.026 Loading class javax/management/MBeanRegistrationException
Event: 26.026 Loading class javax/management/MBeanException
Event: 26.026 Loading class javax/management/MBeanException done
Event: 26.026 Loading class javax/management/MBeanRegistrationException done
Event: 26.026 Loading class javax/management/NotCompliantMBeanException
Event: 26.026 Loading class javax/management/NotCompliantMBeanException done
Event: 26.027 Loading class javax/management/AttributeNotFoundException
Event: 26.027 Loading class javax/management/AttributeNotFoundException done
Event: 26.027 Loading class javax/management/ReflectionException
Event: 26.027 Loading class javax/management/ReflectionException done
Event: 26.027 Loading class javax/management/InstanceNotFoundException
Event: 26.027 Loading class javax/management/InstanceNotFoundException done
Event: 26.199 Loading class java/util/concurrent/CompletableFuture$AsyncRun
Event: 26.199 Loading class java/util/concurrent/CompletableFuture$AsyncRun done
Event: 26.199 Loading class java/util/concurrent/ForkJoinTask$Aux
Event: 26.199 Loading class java/util/concurrent/ForkJoinTask$Aux done
Event: 324.313 Loading class jdk/internal/math/FormattedFPDecimal
Event: 324.314 Loading class jdk/internal/math/FormattedFPDecimal done

Classes unloaded (2 events):
Event: 26.347 Thread 0x000001f6797e24b0 Unloading class 0x0000000100fd2000 'java/lang/invoke/LambdaForm$DMH+0x0000000100fd2000'
Event: 26.347 Thread 0x000001f6797e24b0 Unloading class 0x0000000100fd1c00 'java/lang/invoke/LambdaForm$DMH+0x0000000100fd1c00'

Classes redefined (0 events):
No events

Internal exceptions (20 events):
Event: 369.036 Thread 0x000001f6049d6120 Exception <a 'sun/nio/fs/WindowsException'{0x000000008beb3e88}> (0x000000008beb3e88) 
thrown [s\src\hotspot\share\prims\jni.cpp, line 537]
Event: 369.036 Thread 0x000001f6049d6120 Exception <a 'sun/nio/fs/WindowsException'{0x000000008beb7bc0}> (0x000000008beb7bc0) 
thrown [s\src\hotspot\share\prims\jni.cpp, line 537]
Event: 369.036 Thread 0x000001f6049d6120 Exception <a 'sun/nio/fs/WindowsException'{0x000000008beb9450}> (0x000000008beb9450) 
thrown [s\src\hotspot\share\prims\jni.cpp, line 537]
Event: 369.037 Thread 0x000001f6049d6120 Exception <a 'sun/nio/fs/WindowsException'{0x000000008bebb730}> (0x000000008bebb730) 
thrown [s\src\hotspot\share\prims\jni.cpp, line 537]
Event: 369.037 Thread 0x000001f6049d6120 Exception <a 'sun/nio/fs/WindowsException'{0x000000008bebcfc0}> (0x000000008bebcfc0) 
thrown [s\src\hotspot\share\prims\jni.cpp, line 537]
Event: 369.037 Thread 0x000001f6049d6120 Exception <a 'sun/nio/fs/WindowsException'{0x000000008bebfb20}> (0x000000008bebfb20) 
thrown [s\src\hotspot\share\prims\jni.cpp, line 537]
Event: 369.037 Thread 0x000001f6049d6120 Exception <a 'sun/nio/fs/WindowsException'{0x000000008bec13a8}> (0x000000008bec13a8) 
thrown [s\src\hotspot\share\prims\jni.cpp, line 537]
Event: 369.037 Thread 0x000001f6049d6120 Exception <a 'sun/nio/fs/WindowsException'{0x000000008bec4b38}> (0x000000008bec4b38) 
thrown [s\src\hotspot\share\prims\jni.cpp, line 537]
Event: 369.037 Thread 0x000001f6049d6120 Exception <a 'sun/nio/fs/WindowsException'{0x000000008bec6118}> (0x000000008bec6118) 
thrown [s\src\hotspot\share\prims\jni.cpp, line 537]
Event: 369.037 Thread 0x000001f6049d6120 Exception <a 'sun/nio/fs/WindowsException'{0x000000008bec8148}> (0x000000008bec8148) 
thrown [s\src\hotspot\share\prims\jni.cpp, line 537]
Event: 369.037 Thread 0x000001f6049d6120 Exception <a 'sun/nio/fs/WindowsException'{0x000000008bec9728}> (0x000000008bec9728) 
thrown [s\src\hotspot\share\prims\jni.cpp, line 537]
Event: 369.037 Thread 0x000001f6049d6120 Exception <a 'sun/nio/fs/WindowsException'{0x000000008becbfd8}> (0x000000008becbfd8) 
thrown [s\src\hotspot\share\prims\jni.cpp, line 537]
Event: 369.037 Thread 0x000001f6049d6120 Exception <a 'sun/nio/fs/WindowsException'{0x000000008becd5b0}> (0x000000008becd5b0) 
thrown [s\src\hotspot\share\prims\jni.cpp, line 537]
Event: 369.037 Thread 0x000001f6049d6120 Exception <a 'sun/nio/fs/WindowsException'{0x000000008becf8a0}> (0x000000008becf8a0) 
thrown [s\src\hotspot\share\prims\jni.cpp, line 537]
Event: 369.037 Thread 0x000001f6049d6120 Exception <a 'sun/nio/fs/WindowsException'{0x000000008bed0e80}> (0x000000008bed0e80) 
thrown [s\src\hotspot\share\prims\jni.cpp, line 537]
Event: 369.037 Thread 0x000001f6049d6120 Exception <a 'sun/nio/fs/WindowsException'{0x000000008bed25d8}> (0x000000008bed25d8) 
thrown [s\src\hotspot\share\prims\jni.cpp, line 537]
Event: 369.037 Thread 0x000001f6049d6120 Exception <a 'sun/nio/fs/WindowsException'{0x000000008bed3bb0}> (0x000000008bed3bb0) 
thrown [s\src\hotspot\share\prims\jni.cpp, line 537]
Event: 369.045 Thread 0x000001f6049d6120 Exception <a 'sun/nio/fs/WindowsException'{0x000000008bd4bb58}> (0x000000008bd4bb58) 
thrown [s\src\hotspot\share\prims\jni.cpp, line 537]
Event: 369.048 Thread 0x000001f6049d6120 Exception <a 'sun/nio/fs/WindowsException'{0x000000008bd99758}> (0x000000008bd99758) 
thrown [s\src\hotspot\share\prims\jni.cpp, line 537]
Event: 369.069 Thread 0x000001f6049d6120 Implicit null exception at 0x000001f66d74676c to 0x000001f66d746834

ZGC Phase Switch (0 events):
No events

VM Operations (20 events):
Event: 334.586 Executing safepoint VM operation: ICBufferFull
Event: 334.586 Executing safepoint VM operation: ICBufferFull done
Event: 334.717 Executing safepoint VM operation: G1CollectForAllocation (G1 Evacuation Pause)
Event: 334.731 Executing safepoint VM operation: G1CollectForAllocation (G1 Evacuation Pause) done
Event: 334.899 Executing safepoint VM operation: G1PauseRemark
Event: 334.907 Executing safepoint VM operation: G1PauseRemark done
Event: 335.018 Executing safepoint VM operation: G1PauseCleanup
Event: 335.019 Executing safepoint VM operation: G1PauseCleanup done
Event: 335.380 Executing safepoint VM operation: G1CollectForAllocation (G1 Evacuation Pause)
Event: 335.392 Executing safepoint VM operation: G1CollectForAllocation (G1 Evacuation Pause) done
Event: 336.393 Executing safepoint VM operation: Cleanup
Event: 336.393 Executing safepoint VM operation: Cleanup done
Event: 360.541 Executing non-safepoint VM operation: HandshakeAllThreads (HandshakeForDeflation)
Event: 360.541 Executing non-safepoint VM operation: HandshakeAllThreads (HandshakeForDeflation) done
Event: 360.541 Executing non-safepoint VM operation: RendezvousGCThreads
Event: 360.541 Executing non-safepoint VM operation: RendezvousGCThreads done
Event: 365.593 Executing safepoint VM operation: Cleanup
Event: 365.593 Executing safepoint VM operation: Cleanup done
Event: 369.095 Executing safepoint VM operation: ICBufferFull
Event: 369.095 Executing safepoint VM operation: ICBufferFull done

Memory protections (0 events):
No events

Nmethod flushes (20 events):
Event: 334.905 Thread 0x000001f6797e24b0 flushing  nmethod 0x000001f665dfb210
Event: 334.905 Thread 0x000001f6797e24b0 flushing  nmethod 0x000001f665dfbc10
Event: 334.905 Thread 0x000001f6797e24b0 flushing  nmethod 0x000001f665dfc690
Event: 334.905 Thread 0x000001f6797e24b0 flushing  nmethod 0x000001f665dfca10
Event: 334.905 Thread 0x000001f6797e24b0 flushing  nmethod 0x000001f665e00b10
Event: 334.905 Thread 0x000001f6797e24b0 flushing  nmethod 0x000001f665e02410
Event: 334.905 Thread 0x000001f6797e24b0 flushing  nmethod 0x000001f665e02f10
Event: 334.905 Thread 0x000001f6797e24b0 flushing  nmethod 0x000001f665e42090
Event: 334.905 Thread 0x000001f6797e24b0 flushing  nmethod 0x000001f665e43690
Event: 334.905 Thread 0x000001f6797e24b0 flushing  nmethod 0x000001f665e8a690
Event: 334.905 Thread 0x000001f6797e24b0 flushing  nmethod 0x000001f665e8e790
Event: 334.905 Thread 0x000001f6797e24b0 flushing  nmethod 0x000001f665eca210
Event: 334.905 Thread 0x000001f6797e24b0 flushing  nmethod 0x000001f665ecbf10
Event: 334.905 Thread 0x000001f6797e24b0 flushing  nmethod 0x000001f665ed0790
Event: 334.905 Thread 0x000001f6797e24b0 flushing  nmethod 0x000001f665f2c410
Event: 334.905 Thread 0x000001f6797e24b0 flushing  nmethod 0x000001f665f32590
Event: 334.905 Thread 0x000001f6797e24b0 flushing  nmethod 0x000001f665fc1590
Event: 334.905 Thread 0x000001f6797e24b0 flushing  nmethod 0x000001f6661c9110
Event: 334.905 Thread 0x000001f6797e24b0 flushing  nmethod 0x000001f6666d4f90
Event: 334.905 Thread 0x000001f6797e24b0 flushing  nmethod 0x000001f66673f310

Events (20 events):
Event: 368.673 Thread 0x000001f67f4f5220 Thread added: 0x000001f600bc9400
Event: 368.681 Thread 0x000001f6049d6120 Thread added: 0x000001f600bc8d70
Event: 368.682 Thread 0x000001f6049d6120 Thread added: 0x000001f600bc3eb0
Event: 368.683 Thread 0x000001f6049d6120 Thread added: 0x000001f600bc7330
Event: 368.691 Thread 0x000001f6049d6120 Thread added: 0x000001f600bc3190
Event: 368.713 Thread 0x000001f6049d6120 Thread added: 0x000001f600bc5f80
Event: 368.716 Thread 0x000001f6049d6120 Thread added: 0x000001f600bc79c0
Event: 368.719 Thread 0x000001f6049d6120 Thread added: 0x000001f600bc2470
Event: 368.751 Thread 0x000001f6799ba710 Thread added: 0x000001f601ab9050
Event: 368.784 Thread 0x000001f6049d6120 Thread added: 0x000001f600bc9a90
Event: 368.819 Thread 0x000001f6799ba710 Thread added: 0x000001f601ab9720
Event: 368.882 Thread 0x000001f6049d6120 Thread added: 0x000001f600bc86e0
Event: 368.882 Thread 0x000001f6049d6120 Thread added: 0x000001f600bc6610
Event: 368.882 Thread 0x000001f6049d6120 Thread added: 0x000001f600bc8050
Event: 368.882 Thread 0x000001f6049d6120 Thread added: 0x000001f600bc2b00
Event: 368.882 Thread 0x000001f6049d6120 Thread added: 0x000001f600bc4bd0
Event: 368.883 Thread 0x000001f6049d6120 Thread added: 0x000001f600bc5260
Event: 368.883 Thread 0x000001f6049d6120 Thread added: 0x000001f600bc58f0
Event: 368.939 Thread 0x000001f6049d6120 Thread added: 0x000001f600bc6ca0
Event: 368.976 Thread 0x000001f6049d6120 Thread added: 0x000001f604bfca50


Dynamic libraries:
0x00007ff6b4b60000 - 0x00007ff6b4b6a000 	D:\Downloads\AndroidStudio\jbr\bin\java.exe
0x00007ffc906b0000 - 0x00007ffc908a8000 	C:\WINDOWS\SYSTEM32\ntdll.dll
0x00007ffc8fd60000 - 0x00007ffc8fe22000 	C:\WINDOWS\System32\KERNEL32.DLL
0x00007ffc8e2d0000 - 0x00007ffc8e5c6000 	C:\WINDOWS\System32\KERNELBASE.dll
0x00007ffc8df40000 - 0x00007ffc8e040000 	C:\WINDOWS\System32\ucrtbase.dll
0x00007ffc8a120000 - 0x00007ffc8a13b000 	D:\Downloads\AndroidStudio\jbr\bin\VCRUNTIME140.dll
0x00007ffc79770000 - 0x00007ffc79788000 	D:\Downloads\AndroidStudio\jbr\bin\jli.dll
0x00007ffc8e6d0000 - 0x00007ffc8e871000 	C:\WINDOWS\System32\USER32.dll
0x00007ffc8dd40000 - 0x00007ffc8dd62000 	C:\WINDOWS\System32\win32u.dll
0x00007ffc7bfb0000 - 0x00007ffc7c24b000 	C:\WINDOWS\WinSxS\amd64_microsoft.windows.common-controls_6595b64144ccf1df_6.0.19041.6456_none_60b8a6cb71f64256\COMCTL32.dll
0x00007ffc8f2a0000 - 0x00007ffc8f2cb000 	C:\WINDOWS\System32\GDI32.dll
0x00007ffc8ebb0000 - 0x00007ffc8ec4e000 	C:\WINDOWS\System32\msvcrt.dll
0x00007ffc8de20000 - 0x00007ffc8df39000 	C:\WINDOWS\System32\gdi32full.dll
0x00007ffc8e1a0000 - 0x00007ffc8e23d000 	C:\WINDOWS\System32\msvcp_win.dll
0x00007ffc8f9e0000 - 0x00007ffc8fa0f000 	C:\WINDOWS\System32\IMM32.DLL
0x00007ffc8a550000 - 0x00007ffc8a55c000 	D:\Downloads\AndroidStudio\jbr\bin\vcruntime140_1.dll
0x00007ffc5ff20000 - 0x00007ffc5ffad000 	D:\Downloads\AndroidStudio\jbr\bin\msvcp140.dll
0x00007ffc45c70000 - 0x00007ffc46906000 	D:\Downloads\AndroidStudio\jbr\bin\server\jvm.dll
0x00007ffc8faf0000 - 0x00007ffc8fba1000 	C:\WINDOWS\System32\ADVAPI32.dll
0x00007ffc8f1a0000 - 0x00007ffc8f23f000 	C:\WINDOWS\System32\sechost.dll
0x00007ffc8e8a0000 - 0x00007ffc8e9c0000 	C:\WINDOWS\System32\RPCRT4.dll
0x00007ffc8e5d0000 - 0x00007ffc8e5f7000 	C:\WINDOWS\System32\bcrypt.dll
0x00007ffc8eb40000 - 0x00007ffc8ebab000 	C:\WINDOWS\System32\WS2_32.dll
0x00007ffc8d2d0000 - 0x00007ffc8d31b000 	C:\WINDOWS\SYSTEM32\POWRPROF.dll
0x00007ffc89a90000 - 0x00007ffc89a9a000 	C:\WINDOWS\SYSTEM32\VERSION.dll
0x00007ffc7c260000 - 0x00007ffc7c287000 	C:\WINDOWS\SYSTEM32\WINMM.dll
0x00007ffc8d140000 - 0x00007ffc8d152000 	C:\WINDOWS\SYSTEM32\UMPDC.dll
0x00007ffc8bd90000 - 0x00007ffc8bda2000 	C:\WINDOWS\SYSTEM32\kernel.appcore.dll
0x00007ffc8a3e0000 - 0x00007ffc8a3ea000 	D:\Downloads\AndroidStudio\jbr\bin\jimage.dll
0x00007ffc8b940000 - 0x00007ffc8bb41000 	C:\WINDOWS\SYSTEM32\DBGHELP.DLL
0x00007ffc84930000 - 0x00007ffc84964000 	C:\WINDOWS\SYSTEM32\dbgcore.DLL
0x00007ffc8e240000 - 0x00007ffc8e2c2000 	C:\WINDOWS\System32\bcryptPrimitives.dll
0x00007ffc7af00000 - 0x00007ffc7af0e000 	D:\Downloads\AndroidStudio\jbr\bin\instrument.dll
0x00007ffc89fc0000 - 0x00007ffc89fe0000 	D:\Downloads\AndroidStudio\jbr\bin\java.dll
0x00007ffc89850000 - 0x00007ffc89868000 	D:\Downloads\AndroidStudio\jbr\bin\zip.dll
0x00007ffc8ff00000 - 0x00007ffc90670000 	C:\WINDOWS\System32\SHELL32.dll
0x00007ffc8bdb0000 - 0x00007ffc8c555000 	C:\WINDOWS\SYSTEM32\windows.storage.dll
0x00007ffc8ed80000 - 0x00007ffc8f0d4000 	C:\WINDOWS\System32\combase.dll
0x00007ffc8d770000 - 0x00007ffc8d79b000 	C:\WINDOWS\SYSTEM32\Wldp.dll
0x00007ffc8fe30000 - 0x00007ffc8fefd000 	C:\WINDOWS\System32\OLEAUT32.dll
0x00007ffc8f2d0000 - 0x00007ffc8f37d000 	C:\WINDOWS\System32\SHCORE.dll
0x00007ffc8eae0000 - 0x00007ffc8eb3b000 	C:\WINDOWS\System32\shlwapi.dll
0x00007ffc8dc70000 - 0x00007ffc8dc94000 	C:\WINDOWS\SYSTEM32\profapi.dll
0x00007ffc8a300000 - 0x00007ffc8a310000 	D:\Downloads\AndroidStudio\jbr\bin\net.dll
0x00007ffc85810000 - 0x00007ffc8591a000 	C:\WINDOWS\SYSTEM32\WINHTTP.dll
0x00007ffc8d4d0000 - 0x00007ffc8d53a000 	C:\WINDOWS\system32\mswsock.dll
0x00007ffc877b0000 - 0x00007ffc877c6000 	D:\Downloads\AndroidStudio\jbr\bin\nio.dll
0x00007ffc8a560000 - 0x00007ffc8a570000 	D:\Downloads\AndroidStudio\jbr\bin\verify.dll
0x00007ffc7c600000 - 0x00007ffc7c627000 	C:\Users\admin\.gradle\native\c067742578af261105cb4f569cf0c3c89f3d7b1fecec35dd04571415982c5e48\windows-amd64\native-platform.dll
0x00007ffc576b0000 - 0x00007ffc577f4000 	C:\Users\admin\.gradle\native\38dada09dfb8b06ba9b0570ebf7e218e3eb74d4ef43ca46872605cf95ebc2f47\windows-amd64\native-platform-file-events.dll
0x00007ffc8a1d0000 - 0x00007ffc8a1d9000 	D:\Downloads\AndroidStudio\jbr\bin\management.dll
0x00007ffc8a110000 - 0x00007ffc8a11b000 	D:\Downloads\AndroidStudio\jbr\bin\management_ext.dll
0x00007ffc8f940000 - 0x00007ffc8f948000 	C:\WINDOWS\System32\PSAPI.DLL
0x00007ffc8d6c0000 - 0x00007ffc8d6d8000 	C:\WINDOWS\SYSTEM32\CRYPTSP.dll
0x00007ffc8cd80000 - 0x00007ffc8cdb8000 	C:\WINDOWS\system32\rsaenh.dll
0x00007ffc8dbf0000 - 0x00007ffc8dc1e000 	C:\WINDOWS\SYSTEM32\USERENV.dll
0x00007ffc8d6e0000 - 0x00007ffc8d6ec000 	C:\WINDOWS\SYSTEM32\CRYPTBASE.dll
0x00007ffc8d160000 - 0x00007ffc8d19b000 	C:\WINDOWS\SYSTEM32\IPHLPAPI.DLL
0x00007ffc8f8b0000 - 0x00007ffc8f8b8000 	C:\WINDOWS\System32\NSI.dll
0x00007ffc8a2c0000 - 0x00007ffc8a2c9000 	D:\Downloads\AndroidStudio\jbr\bin\extnet.dll
0x00007ffc8a2e0000 - 0x00007ffc8a2e7000 	C:\WINDOWS\system32\wshunix.dll
0x00007ffc73c60000 - 0x00007ffc73c77000 	C:\WINDOWS\system32\napinsp.dll
0x00007ffc739d0000 - 0x00007ffc739eb000 	C:\WINDOWS\system32\pnrpnsp.dll
0x00007ffc737b0000 - 0x00007ffc737cd000 	C:\WINDOWS\system32\wshbth.dll
0x00007ffc895a0000 - 0x00007ffc895bd000 	C:\WINDOWS\system32\NLAapi.dll
0x00007ffc8d1b0000 - 0x00007ffc8d27a000 	C:\WINDOWS\SYSTEM32\DNSAPI.dll
0x00007ffc70930000 - 0x00007ffc70942000 	C:\WINDOWS\System32\winrnr.dll
0x00007ffc82c00000 - 0x00007ffc82c0a000 	C:\Windows\System32\rasadhlp.dll
0x00007ffc82cc0000 - 0x00007ffc82d40000 	C:\WINDOWS\System32\fwpuclnt.dll

JVMTI agents:
C:\Users\admin\.gradle\wrapper\dists\gradle-8.7-bin\bhs2wmbdwecv87pi65oeuq5iu\gradle-8.7\lib\agents\gradle-instrumentation-agent-8.7.jar path:D:\Downloads\AndroidStudio\jbr\bin\instrument.dll, loaded, initialized, instrumentlib options:none

dbghelp: loaded successfully - version: 4.0.5 - missing functions: none
symbol engine: initialized successfully - sym options: 0x614 - pdb path: .;D:\Downloads\AndroidStudio\jbr\bin;C:\WINDOWS\SYSTEM32;C:\WINDOWS\WinSxS\amd64_microsoft.windows.common-controls_6595b64144ccf1df_6.0.19041.6456_none_60b8a6cb71f64256;D:\Downloads\AndroidStudio\jbr\bin\server;C:\Users\admin\.gradle\native\c067742578af261105cb4f569cf0c3c89f3d7b1fecec35dd04571415982c5e48\windows-amd64;C:\Users\admin\.gradle\native\38dada09dfb8b06ba9b0570ebf7e218e3eb74d4ef43ca46872605cf95ebc2f47\windows-amd64

VM Arguments:
jvm_args: --add-opens=java.base/java.util=ALL-UNNAMED --add-opens=java.base/java.lang=ALL-UNNAMED --add-opens=java.base/java.lang.invoke=ALL-UNNAMED --add-opens=java.prefs/java.util.prefs=ALL-UNNAMED --add-opens=java.base/java.nio.charset=ALL-UNNAMED --add-opens=java.base/java.net=ALL-UNNAMED --add-opens=java.base/java.util.concurrent.atomic=ALL-UNNAMED -Xmx2048m -Dfile.encoding=UTF-8 -Duser.country=US -Duser.language=en -Duser.variant -javaagent:C:\Users\admin\.gradle\wrapper\dists\gradle-8.7-bin\bhs2wmbdwecv87pi65oeuq5iu\gradle-8.7\lib\agents\gradle-instrumentation-agent-8.7.jar 
java_command: org.gradle.launcher.daemon.bootstrap.GradleDaemon 8.7
java_class_path (initial): C:\Users\admin\.gradle\wrapper\dists\gradle-8.7-bin\bhs2wmbdwecv87pi65oeuq5iu\gradle-8.7\lib\gradle-launcher-8.7.jar
Launcher Type: SUN_STANDARD

[Global flags]
     intx CICompilerCount                          = 4                                         {product} {ergonomic}
     uint ConcGCThreads                            = 2                                         {product} {ergonomic}
     uint G1ConcRefinementThreads                  = 8                                         {product} {ergonomic}
   size_t G1HeapRegionSize                         = 1048576                                   {product} {ergonomic}
    uintx GCDrainStackTargetSize                   = 64                                        {product} {ergonomic}
   size_t InitialHeapSize                          = 125829120                                 {product} {ergonomic}
   size_t MarkStackSize                            = 4194304                                   {product} {ergonomic}
   size_t MaxHeapSize                              = 2147483648                                {product} {command line}
   size_t MaxNewSize                               = 1287651328                                {product} {ergonomic}
   size_t MinHeapDeltaBytes                        = 1048576                                   {product} {ergonomic}
   size_t MinHeapSize                              = 8388608                                   {product} {ergonomic}
    uintx NonNMethodCodeHeapSize                   = 5839372                                {pd product} {ergonomic}
    uintx NonProfiledCodeHeapSize                  = 122909434                              {pd product} {ergonomic}
    uintx ProfiledCodeHeapSize                     = 122909434                              {pd product} {ergonomic}
    uintx ReservedCodeCacheSize                    = 251658240                              {pd product} {ergonomic}
     bool SegmentedCodeCache                       = true                                      {product} {ergonomic}
   size_t SoftMaxHeapSize                          = 2147483648                             {manageable} {ergonomic}
     bool UseCompressedOops                        = true                           {product lp64_product} {ergonomic}
     bool UseG1GC                                  = true                                      {product} {ergonomic}
     bool UseLargePagesIndividualAllocation        = false                                  {pd product} {ergonomic}

Logging:
Log output configuration:
 #0: stdout all=warning uptime,level,tags foldmultilines=false
 #1: stderr all=off uptime,level,tags foldmultilines=false

Release file:
JAVA_VERSION="21.0.10" 
MODULES="java.base java.compiler java.datatransfer java.xml java.prefs java.desktop java.instrument java.logging java.management java.security.sasl java.naming java.rmi java.management.rmi java.net.http java.scripting java.security.jgss java.transaction.xa java.sql java.sql.rowset java.xml.crypto java.se java.smartcardio jdk.accessibility jdk.internal.jvmstat jdk.attach jdk.charsets jdk.internal.opt jdk.zipfs jdk.compiler jdk.crypto.ec jdk.crypto.cryptoki jdk.dynalink jdk.hotspot.agent jdk.httpserver jdk.internal.ed jdk.internal.le jdk.internal.vm.ci jdk.jartool jdk.javadoc jdk.jcmd jdk.jdeps jdk.jdwp.agent jdk.jdi jdk.jfr jdk.jlink jdk.jsobject jdk.localedata jdk.management jdk.management.agent jdk.management.jfr jdk.naming.dns jdk.naming.rmi jdk.net jdk.sctp jdk.security.auth jdk.security.jgss jdk.unsupported jdk.unsupported.desktop jdk.xml.dom" 
IMPLEMENTOR="JetBrains s.r.o." 
JAVA_RUNTIME_VERSION="21.0.10+-14961533-b1163.108" 
LIBC="default" 
OS_ARCH="x86_64" 
OS_NAME="Windows" 
SOURCE=".:git:1351622c2ff2" 

Environment Variables:
PATH=C:\Windows\system32;C:\Windows;C:\Windows\System32\Wbem;C:\Windows\System32\WindowsPowerShell\v1.0\;C:\Windows\System32\OpenSSH\;C:\Program Files\Microsoft SQL Server\150\Tools\Binn\;C:\Program Files\Microsoft SQL Server\Client SDK\ODBC\170\Tools\Binn\;C:\WINDOWS\system32;C:\WINDOWS;C:\WINDOWS\System32\Wbem;C:\WINDOWS\System32\WindowsPowerShell\v1.0\;C:\WINDOWS\System32\OpenSSH\;C:\Program Files (x86)\Microsoft SQL Server\160\Tools\Binn\;C:\Program Files\Microsoft SQL Server\160\Tools\Binn\;C:\Program Files\Microsoft SQL Server\160\DTS\Binn\;C:\Program Files (x86)\Microsoft SQL Server\150\DTS\Binn\;C:\Program Files\Azure Data Studio\bin;C:\Program Files (x86)\Windows Kits\10\Windows Performance Toolkit\;C:\Users\admin\AppData\Local\Programs\Python\Python314\Scripts\;C:\Users\admin\AppData\Local\Programs\Python\Python314\;C:\Users\admin\AppData\Local\Microsoft\WindowsApps;;C:\Program Files\Azure Data Studio\bin;C:\Program Files\JetBrains\PyCharm Community Edition 2023.2.1\bin;;D:\Downloads\IntelliJ\IntelliJ IDEA Community Edition 2024.3.5\bin;;C:\Users\admin\AppData\Local\Programs\Microsoft VS Code\bin;D:\Downloads\Cursor\cursor\resources\app\bin
USERNAME=admin
OS=Windows_NT
PROCESSOR_IDENTIFIER=Intel64 Family 6 Model 142 Stepping 10, GenuineIntel
TMP=C:\Users\admin\AppData\Local\Temp
TEMP=C:\Users\admin\AppData\Local\Temp




Periodic native trim disabled

JNI global refs:
JNI global refs: 31, weak refs: 2

JNI global refs memory usage: 835, weak refs: 833

Process memory usage:
Resident Set Size: 513588K (6% of 7796156K total physical memory with 1062212K free physical memory)

OOME stack traces (most recent first):
Classloader memory used:
Loader org.gradle.internal.classloader.VisitableURLClassLoader                         : 41036K
Loader bootstrap                                                                       : 29672K
Loader org.gradle.internal.classloader.VisitableURLClassLoader$InstrumentingVisitableURLClassLoader: 28925K
Loader org.gradle.initialization.MixInLegacyTypesClassLoader                           : 11403K
Loader jdk.internal.loader.ClassLoaders$PlatformClassLoader                            : 517K
Loader jdk.internal.reflect.DelegatingClassLoader                                      : 328K
Loader org.gradle.groovy.scripts.internal.DefaultScriptCompilationHandler$ScriptClassLoader: 282K
Loader jdk.internal.loader.ClassLoaders$AppClassLoader                                 : 230K
Loader org.codehaus.groovy.runtime.callsite.CallSiteClassLoader                        : 40368B
Loader sun.reflect.misc.MethodUtil                                                     : 2984B

